INFO - 2025-01-09 01:31:02 --> Session: Class initialized using 'CodeIgniter\Session\Handlers\FileHandler' driver.
INFO - 2025-01-09 01:31:08 --> Session: Class initialized using 'CodeIgniter\Session\Handlers\FileHandler' driver.
ERROR - 2025-01-09 01:31:08 --> Error connecting to the database: mysqli_sql_exception: Unknown database 'projectbnsp_ari' in C:\Users\ASUS\Downloads\projectbnsp\system\Database\MySQLi\Connection.php:184
Stack trace:
#0 C:\Users\ASUS\Downloads\projectbnsp\system\Database\MySQLi\Connection.php(184): mysqli->real_connect('127.0.0.1', 'root', Object(SensitiveParameterValue), 'projectbnsp_ari', 3306, '', 0)
#1 C:\Users\ASUS\Downloads\projectbnsp\system\Database\BaseConnection.php(392): CodeIgniter\Database\MySQLi\Connection->connect(false)
#2 C:\Users\ASUS\Downloads\projectbnsp\system\Database\BaseConnection.php(575): CodeIgniter\Database\BaseConnection->initialize()
#3 C:\Users\ASUS\Downloads\projectbnsp\system\Database\BaseBuilder.php(1615): CodeIgniter\Database\BaseConnection->query('SELECT `users`....', Array, false)
#4 C:\Users\ASUS\Downloads\projectbnsp\system\Model.php(264): CodeIgniter\Database\BaseBuilder->get()
#5 C:\Users\ASUS\Downloads\projectbnsp\system\BaseModel.php(662): CodeIgniter\Model->doFirst()
#6 C:\Users\ASUS\Downloads\projectbnsp\app\Models\AuthModel.php(27): CodeIgniter\BaseModel->first()
#7 C:\Users\ASUS\Downloads\projectbnsp\app\Controllers\Auth.php(72): App\Models\AuthModel->checkUser('admin', 'pembelajaran')
#8 C:\Users\ASUS\Downloads\projectbnsp\system\CodeIgniter.php(942): App\Controllers\Auth->checkAuth()
#9 C:\Users\ASUS\Downloads\projectbnsp\system\CodeIgniter.php(502): CodeIgniter\CodeIgniter->runController(Object(App\Controllers\Auth))
#10 C:\Users\ASUS\Downloads\projectbnsp\system\CodeIgniter.php(361): CodeIgniter\CodeIgniter->handleRequest(NULL, Object(Config\Cache), false)
#11 C:\Users\ASUS\Downloads\projectbnsp\public\index.php(79): CodeIgniter\CodeIgniter->run()
#12 C:\Users\ASUS\Downloads\projectbnsp\system\Commands\Server\rewrite.php(47): require_once('C:\\Users\\ASUS\\D...')
#13 {main}

Next CodeIgniter\Database\Exceptions\DatabaseException: Unknown database 'projectbnsp_ari' in C:\Users\ASUS\Downloads\projectbnsp\system\Database\MySQLi\Connection.php:229
Stack trace:
#0 C:\Users\ASUS\Downloads\projectbnsp\system\Database\BaseConnection.php(392): CodeIgniter\Database\MySQLi\Connection->connect(false)
#1 C:\Users\ASUS\Downloads\projectbnsp\system\Database\BaseConnection.php(575): CodeIgniter\Database\BaseConnection->initialize()
#2 C:\Users\ASUS\Downloads\projectbnsp\system\Database\BaseBuilder.php(1615): CodeIgniter\Database\BaseConnection->query('SELECT `users`....', Array, false)
#3 C:\Users\ASUS\Downloads\projectbnsp\system\Model.php(264): CodeIgniter\Database\BaseBuilder->get()
#4 C:\Users\ASUS\Downloads\projectbnsp\system\BaseModel.php(662): CodeIgniter\Model->doFirst()
#5 C:\Users\ASUS\Downloads\projectbnsp\app\Models\AuthModel.php(27): CodeIgniter\BaseModel->first()
#6 C:\Users\ASUS\Downloads\projectbnsp\app\Controllers\Auth.php(72): App\Models\AuthModel->checkUser('admin', 'pembelajaran')
#7 C:\Users\ASUS\Downloads\projectbnsp\system\CodeIgniter.php(942): App\Controllers\Auth->checkAuth()
#8 C:\Users\ASUS\Downloads\projectbnsp\system\CodeIgniter.php(502): CodeIgniter\CodeIgniter->runController(Object(App\Controllers\Auth))
#9 C:\Users\ASUS\Downloads\projectbnsp\system\CodeIgniter.php(361): CodeIgniter\CodeIgniter->handleRequest(NULL, Object(Config\Cache), false)
#10 C:\Users\ASUS\Downloads\projectbnsp\public\index.php(79): CodeIgniter\CodeIgniter->run()
#11 C:\Users\ASUS\Downloads\projectbnsp\system\Commands\Server\rewrite.php(47): require_once('C:\\Users\\ASUS\\D...')
#12 {main}
CRITICAL - 2025-01-09 01:31:08 --> Unable to connect to the database.
Main connection [MySQLi]: Unknown database 'projectbnsp_ari'
in SYSTEMPATH\Database\BaseConnection.php on line 428.
 1 SYSTEMPATH\Database\BaseConnection.php(575): CodeIgniter\Database\BaseConnection->initialize()
 2 SYSTEMPATH\Database\BaseBuilder.php(1615): CodeIgniter\Database\BaseConnection->query('SELECT `users`.*, `role`.`role`
FROM `users`
LEFT JOIN `role` ON `role`.`id` = `users`.`role_id`
WHERE `username` = :username:
AND `password` = :password:
 LIMIT 1', [...], false)
 3 SYSTEMPATH\Model.php(264): CodeIgniter\Database\BaseBuilder->get()
 4 SYSTEMPATH\BaseModel.php(662): CodeIgniter\Model->doFirst()
 5 APPPATH\Models\AuthModel.php(27): CodeIgniter\BaseModel->first()
 6 APPPATH\Controllers\Auth.php(72): App\Models\AuthModel->checkUser('admin', 'pembelajaran')
 7 SYSTEMPATH\CodeIgniter.php(942): App\Controllers\Auth->checkAuth()
 8 SYSTEMPATH\CodeIgniter.php(502): CodeIgniter\CodeIgniter->runController(Object(App\Controllers\Auth))
 9 SYSTEMPATH\CodeIgniter.php(361): CodeIgniter\CodeIgniter->handleRequest(null, Object(Config\Cache), false)
10 FCPATH\index.php(79): CodeIgniter\CodeIgniter->run()
11 SYSTEMPATH\Commands\Server\rewrite.php(47): require_once('C:\\Users\\ASUS\\Downloads\\projectbnsp\\public\\index.php')
INFO - 2025-01-09 01:32:39 --> Session: Class initialized using 'CodeIgniter\Session\Handlers\FileHandler' driver.
ERROR - 2025-01-09 01:32:39 --> mysqli_sql_exception: Got error 194 "Tablespace is missing for a table" from storage engine InnoDB in C:\Users\ASUS\Downloads\projectbnsp\system\Database\MySQLi\Connection.php:306
Stack trace:
#0 C:\Users\ASUS\Downloads\projectbnsp\system\Database\MySQLi\Connection.php(306): mysqli->query('SELECT `users`....', 0)
#1 C:\Users\ASUS\Downloads\projectbnsp\system\Database\BaseConnection.php(693): CodeIgniter\Database\MySQLi\Connection->execute('SELECT `users`....')
#2 C:\Users\ASUS\Downloads\projectbnsp\system\Database\BaseConnection.php(607): CodeIgniter\Database\BaseConnection->simpleQuery('SELECT `users`....')
#3 C:\Users\ASUS\Downloads\projectbnsp\system\Database\BaseBuilder.php(1615): CodeIgniter\Database\BaseConnection->query('SELECT `users`....', Array, false)
#4 C:\Users\ASUS\Downloads\projectbnsp\system\Model.php(264): CodeIgniter\Database\BaseBuilder->get()
#5 C:\Users\ASUS\Downloads\projectbnsp\system\BaseModel.php(662): CodeIgniter\Model->doFirst()
#6 C:\Users\ASUS\Downloads\projectbnsp\app\Models\AuthModel.php(27): CodeIgniter\BaseModel->first()
#7 C:\Users\ASUS\Downloads\projectbnsp\app\Controllers\Auth.php(72): App\Models\AuthModel->checkUser('admin', 'pembelajaran')
#8 C:\Users\ASUS\Downloads\projectbnsp\system\CodeIgniter.php(942): App\Controllers\Auth->checkAuth()
#9 C:\Users\ASUS\Downloads\projectbnsp\system\CodeIgniter.php(502): CodeIgniter\CodeIgniter->runController(Object(App\Controllers\Auth))
#10 C:\Users\ASUS\Downloads\projectbnsp\system\CodeIgniter.php(361): CodeIgniter\CodeIgniter->handleRequest(NULL, Object(Config\Cache), false)
#11 C:\Users\ASUS\Downloads\projectbnsp\public\index.php(79): CodeIgniter\CodeIgniter->run()
#12 C:\Users\ASUS\Downloads\projectbnsp\system\Commands\Server\rewrite.php(47): require_once('C:\\Users\\ASUS\\D...')
#13 {main}
CRITICAL - 2025-01-09 01:32:39 --> Got error 194 "Tablespace is missing for a table" from storage engine InnoDB
in SYSTEMPATH\Database\BaseConnection.php on line 647.
 1 SYSTEMPATH\Database\BaseBuilder.php(1615): CodeIgniter\Database\BaseConnection->query('SELECT `users`.*, `role`.`role`
FROM `users`
LEFT JOIN `role` ON `role`.`id` = `users`.`role_id`
WHERE `username` = :username:
AND `password` = :password:
 LIMIT 1', [...], false)
 2 SYSTEMPATH\Model.php(264): CodeIgniter\Database\BaseBuilder->get()
 3 SYSTEMPATH\BaseModel.php(662): CodeIgniter\Model->doFirst()
 4 APPPATH\Models\AuthModel.php(27): CodeIgniter\BaseModel->first()
 5 APPPATH\Controllers\Auth.php(72): App\Models\AuthModel->checkUser('admin', 'pembelajaran')
 6 SYSTEMPATH\CodeIgniter.php(942): App\Controllers\Auth->checkAuth()
 7 SYSTEMPATH\CodeIgniter.php(502): CodeIgniter\CodeIgniter->runController(Object(App\Controllers\Auth))
 8 SYSTEMPATH\CodeIgniter.php(361): CodeIgniter\CodeIgniter->handleRequest(null, Object(Config\Cache), false)
 9 FCPATH\index.php(79): CodeIgniter\CodeIgniter->run()
10 SYSTEMPATH\Commands\Server\rewrite.php(47): require_once('C:\\Users\\ASUS\\Downloads\\projectbnsp\\public\\index.php')
INFO - 2025-01-09 01:32:43 --> Session: Class initialized using 'CodeIgniter\Session\Handlers\FileHandler' driver.
INFO - 2025-01-09 01:32:45 --> Session: Class initialized using 'CodeIgniter\Session\Handlers\FileHandler' driver.
INFO - 2025-01-09 01:32:47 --> Session: Class initialized using 'CodeIgniter\Session\Handlers\FileHandler' driver.
ERROR - 2025-01-09 01:32:47 --> mysqli_sql_exception: Got error 194 "Tablespace is missing for a table" from storage engine InnoDB in C:\Users\ASUS\Downloads\projectbnsp\system\Database\MySQLi\Connection.php:306
Stack trace:
#0 C:\Users\ASUS\Downloads\projectbnsp\system\Database\MySQLi\Connection.php(306): mysqli->query('SELECT `users`....', 0)
#1 C:\Users\ASUS\Downloads\projectbnsp\system\Database\BaseConnection.php(693): CodeIgniter\Database\MySQLi\Connection->execute('SELECT `users`....')
#2 C:\Users\ASUS\Downloads\projectbnsp\system\Database\BaseConnection.php(607): CodeIgniter\Database\BaseConnection->simpleQuery('SELECT `users`....')
#3 C:\Users\ASUS\Downloads\projectbnsp\system\Database\BaseBuilder.php(1615): CodeIgniter\Database\BaseConnection->query('SELECT `users`....', Array, false)
#4 C:\Users\ASUS\Downloads\projectbnsp\system\Model.php(264): CodeIgniter\Database\BaseBuilder->get()
#5 C:\Users\ASUS\Downloads\projectbnsp\system\BaseModel.php(662): CodeIgniter\Model->doFirst()
#6 C:\Users\ASUS\Downloads\projectbnsp\app\Models\AuthModel.php(27): CodeIgniter\BaseModel->first()
#7 C:\Users\ASUS\Downloads\projectbnsp\app\Controllers\Auth.php(72): App\Models\AuthModel->checkUser('admin', 'pembelajaran')
#8 C:\Users\ASUS\Downloads\projectbnsp\system\CodeIgniter.php(942): App\Controllers\Auth->checkAuth()
#9 C:\Users\ASUS\Downloads\projectbnsp\system\CodeIgniter.php(502): CodeIgniter\CodeIgniter->runController(Object(App\Controllers\Auth))
#10 C:\Users\ASUS\Downloads\projectbnsp\system\CodeIgniter.php(361): CodeIgniter\CodeIgniter->handleRequest(NULL, Object(Config\Cache), false)
#11 C:\Users\ASUS\Downloads\projectbnsp\public\index.php(79): CodeIgniter\CodeIgniter->run()
#12 C:\Users\ASUS\Downloads\projectbnsp\system\Commands\Server\rewrite.php(47): require_once('C:\\Users\\ASUS\\D...')
#13 {main}
CRITICAL - 2025-01-09 01:32:47 --> Got error 194 "Tablespace is missing for a table" from storage engine InnoDB
in SYSTEMPATH\Database\BaseConnection.php on line 647.
 1 SYSTEMPATH\Database\BaseBuilder.php(1615): CodeIgniter\Database\BaseConnection->query('SELECT `users`.*, `role`.`role`
FROM `users`
LEFT JOIN `role` ON `role`.`id` = `users`.`role_id`
WHERE `username` = :username:
AND `password` = :password:
 LIMIT 1', [...], false)
 2 SYSTEMPATH\Model.php(264): CodeIgniter\Database\BaseBuilder->get()
 3 SYSTEMPATH\BaseModel.php(662): CodeIgniter\Model->doFirst()
 4 APPPATH\Models\AuthModel.php(27): CodeIgniter\BaseModel->first()
 5 APPPATH\Controllers\Auth.php(72): App\Models\AuthModel->checkUser('admin', 'pembelajaran')
 6 SYSTEMPATH\CodeIgniter.php(942): App\Controllers\Auth->checkAuth()
 7 SYSTEMPATH\CodeIgniter.php(502): CodeIgniter\CodeIgniter->runController(Object(App\Controllers\Auth))
 8 SYSTEMPATH\CodeIgniter.php(361): CodeIgniter\CodeIgniter->handleRequest(null, Object(Config\Cache), false)
 9 FCPATH\index.php(79): CodeIgniter\CodeIgniter->run()
10 SYSTEMPATH\Commands\Server\rewrite.php(47): require_once('C:\\Users\\ASUS\\Downloads\\projectbnsp\\public\\index.php')
INFO - 2025-01-09 01:34:27 --> Session: Class initialized using 'CodeIgniter\Session\Handlers\FileHandler' driver.
INFO - 2025-01-09 01:34:29 --> Session: Class initialized using 'CodeIgniter\Session\Handlers\FileHandler' driver.
ERROR - 2025-01-09 01:34:29 --> mysqli_sql_exception: Got error 194 "Tablespace is missing for a table" from storage engine InnoDB in C:\Users\ASUS\Downloads\projectbnsp\system\Database\MySQLi\Connection.php:306
Stack trace:
#0 C:\Users\ASUS\Downloads\projectbnsp\system\Database\MySQLi\Connection.php(306): mysqli->query('SELECT `users`....', 0)
#1 C:\Users\ASUS\Downloads\projectbnsp\system\Database\BaseConnection.php(693): CodeIgniter\Database\MySQLi\Connection->execute('SELECT `users`....')
#2 C:\Users\ASUS\Downloads\projectbnsp\system\Database\BaseConnection.php(607): CodeIgniter\Database\BaseConnection->simpleQuery('SELECT `users`....')
#3 C:\Users\ASUS\Downloads\projectbnsp\system\Database\BaseBuilder.php(1615): CodeIgniter\Database\BaseConnection->query('SELECT `users`....', Array, false)
#4 C:\Users\ASUS\Downloads\projectbnsp\system\Model.php(264): CodeIgniter\Database\BaseBuilder->get()
#5 C:\Users\ASUS\Downloads\projectbnsp\system\BaseModel.php(662): CodeIgniter\Model->doFirst()
#6 C:\Users\ASUS\Downloads\projectbnsp\app\Models\AuthModel.php(27): CodeIgniter\BaseModel->first()
#7 C:\Users\ASUS\Downloads\projectbnsp\app\Controllers\Auth.php(72): App\Models\AuthModel->checkUser('admin', 'pembelajaran')
#8 C:\Users\ASUS\Downloads\projectbnsp\system\CodeIgniter.php(942): App\Controllers\Auth->checkAuth()
#9 C:\Users\ASUS\Downloads\projectbnsp\system\CodeIgniter.php(502): CodeIgniter\CodeIgniter->runController(Object(App\Controllers\Auth))
#10 C:\Users\ASUS\Downloads\projectbnsp\system\CodeIgniter.php(361): CodeIgniter\CodeIgniter->handleRequest(NULL, Object(Config\Cache), false)
#11 C:\Users\ASUS\Downloads\projectbnsp\public\index.php(79): CodeIgniter\CodeIgniter->run()
#12 C:\Users\ASUS\Downloads\projectbnsp\system\Commands\Server\rewrite.php(47): require_once('C:\\Users\\ASUS\\D...')
#13 {main}
CRITICAL - 2025-01-09 01:34:29 --> Got error 194 "Tablespace is missing for a table" from storage engine InnoDB
in SYSTEMPATH\Database\BaseConnection.php on line 647.
 1 SYSTEMPATH\Database\BaseBuilder.php(1615): CodeIgniter\Database\BaseConnection->query('SELECT `users`.*, `role`.`role`
FROM `users`
LEFT JOIN `role` ON `role`.`id` = `users`.`role_id`
WHERE `username` = :username:
AND `password` = :password:
 LIMIT 1', [...], false)
 2 SYSTEMPATH\Model.php(264): CodeIgniter\Database\BaseBuilder->get()
 3 SYSTEMPATH\BaseModel.php(662): CodeIgniter\Model->doFirst()
 4 APPPATH\Models\AuthModel.php(27): CodeIgniter\BaseModel->first()
 5 APPPATH\Controllers\Auth.php(72): App\Models\AuthModel->checkUser('admin', 'pembelajaran')
 6 SYSTEMPATH\CodeIgniter.php(942): App\Controllers\Auth->checkAuth()
 7 SYSTEMPATH\CodeIgniter.php(502): CodeIgniter\CodeIgniter->runController(Object(App\Controllers\Auth))
 8 SYSTEMPATH\CodeIgniter.php(361): CodeIgniter\CodeIgniter->handleRequest(null, Object(Config\Cache), false)
 9 FCPATH\index.php(79): CodeIgniter\CodeIgniter->run()
10 SYSTEMPATH\Commands\Server\rewrite.php(47): require_once('C:\\Users\\ASUS\\Downloads\\projectbnsp\\public\\index.php')
INFO - 2025-01-09 01:40:54 --> Session: Class initialized using 'CodeIgniter\Session\Handlers\FileHandler' driver.
INFO - 2025-01-09 01:40:55 --> Session: Class initialized using 'CodeIgniter\Session\Handlers\FileHandler' driver.
INFO - 2025-01-09 01:41:03 --> Session: Class initialized using 'CodeIgniter\Session\Handlers\FileHandler' driver.
INFO - 2025-01-09 01:41:06 --> Session: Class initialized using 'CodeIgniter\Session\Handlers\FileHandler' driver.
INFO - 2025-01-09 01:41:36 --> Session: Class initialized using 'CodeIgniter\Session\Handlers\FileHandler' driver.
INFO - 2025-01-09 01:41:43 --> Session: Class initialized using 'CodeIgniter\Session\Handlers\FileHandler' driver.
INFO - 2025-01-09 01:41:43 --> Session: Class initialized using 'CodeIgniter\Session\Handlers\FileHandler' driver.
INFO - 2025-01-09 01:41:47 --> Session: Class initialized using 'CodeIgniter\Session\Handlers\FileHandler' driver.
INFO - 2025-01-09 01:42:08 --> Session: Class initialized using 'CodeIgniter\Session\Handlers\FileHandler' driver.
ERROR - 2025-01-09 01:42:08 --> mysqli_sql_exception: Unknown column 'nama' in 'field list' in C:\Users\ASUS\Downloads\projectbnsp\system\Database\MySQLi\Connection.php:306
Stack trace:
#0 C:\Users\ASUS\Downloads\projectbnsp\system\Database\MySQLi\Connection.php(306): mysqli->query('INSERT INTO `us...', 0)
#1 C:\Users\ASUS\Downloads\projectbnsp\system\Database\BaseConnection.php(693): CodeIgniter\Database\MySQLi\Connection->execute('INSERT INTO `us...')
#2 C:\Users\ASUS\Downloads\projectbnsp\system\Database\BaseConnection.php(607): CodeIgniter\Database\BaseConnection->simpleQuery('INSERT INTO `us...')
#3 C:\Users\ASUS\Downloads\projectbnsp\system\Database\BaseBuilder.php(2308): CodeIgniter\Database\BaseConnection->query('INSERT INTO `us...', Array, false)
#4 C:\Users\ASUS\Downloads\projectbnsp\system\Model.php(319): CodeIgniter\Database\BaseBuilder->insert()
#5 C:\Users\ASUS\Downloads\projectbnsp\system\BaseModel.php(788): CodeIgniter\Model->doInsert(Array)
#6 C:\Users\ASUS\Downloads\projectbnsp\system\Model.php(715): CodeIgniter\BaseModel->insert(Array, false)
#7 C:\Users\ASUS\Downloads\projectbnsp\system\BaseModel.php(698): CodeIgniter\Model->insert(Array, false)
#8 C:\Users\ASUS\Downloads\projectbnsp\app\Controllers\Auth.php(143): CodeIgniter\BaseModel->save(Array)
#9 C:\Users\ASUS\Downloads\projectbnsp\system\CodeIgniter.php(942): App\Controllers\Auth->register()
#10 C:\Users\ASUS\Downloads\projectbnsp\system\CodeIgniter.php(502): CodeIgniter\CodeIgniter->runController(Object(App\Controllers\Auth))
#11 C:\Users\ASUS\Downloads\projectbnsp\system\CodeIgniter.php(361): CodeIgniter\CodeIgniter->handleRequest(NULL, Object(Config\Cache), false)
#12 C:\Users\ASUS\Downloads\projectbnsp\public\index.php(79): CodeIgniter\CodeIgniter->run()
#13 C:\Users\ASUS\Downloads\projectbnsp\system\Commands\Server\rewrite.php(47): require_once('C:\\Users\\ASUS\\D...')
#14 {main}
CRITICAL - 2025-01-09 01:42:08 --> Unknown column 'nama' in 'field list'
in SYSTEMPATH\Database\BaseConnection.php on line 647.
 1 SYSTEMPATH\Database\BaseBuilder.php(2308): CodeIgniter\Database\BaseConnection->query('INSERT INTO `users` (`username`, `password`, `nama`, `role_id`) VALUES (:username:, :password:, :nama:, :role_id:)', [...], false)
 2 SYSTEMPATH\Model.php(319): CodeIgniter\Database\BaseBuilder->insert()
 3 SYSTEMPATH\BaseModel.php(788): CodeIgniter\Model->doInsert([...])
 4 SYSTEMPATH\Model.php(715): CodeIgniter\BaseModel->insert([...], false)
 5 SYSTEMPATH\BaseModel.php(698): CodeIgniter\Model->insert([...], false)
 6 APPPATH\Controllers\Auth.php(143): CodeIgniter\BaseModel->save([...])
 7 SYSTEMPATH\CodeIgniter.php(942): App\Controllers\Auth->register()
 8 SYSTEMPATH\CodeIgniter.php(502): CodeIgniter\CodeIgniter->runController(Object(App\Controllers\Auth))
 9 SYSTEMPATH\CodeIgniter.php(361): CodeIgniter\CodeIgniter->handleRequest(null, Object(Config\Cache), false)
10 FCPATH\index.php(79): CodeIgniter\CodeIgniter->run()
11 SYSTEMPATH\Commands\Server\rewrite.php(47): require_once('C:\\Users\\ASUS\\Downloads\\projectbnsp\\public\\index.php')
INFO - 2025-01-09 01:42:41 --> Session: Class initialized using 'CodeIgniter\Session\Handlers\FileHandler' driver.
INFO - 2025-01-09 01:42:41 --> Session: Class initialized using 'CodeIgniter\Session\Handlers\FileHandler' driver.
INFO - 2025-01-09 01:42:54 --> Session: Class initialized using 'CodeIgniter\Session\Handlers\FileHandler' driver.
INFO - 2025-01-09 01:42:55 --> Session: Class initialized using 'CodeIgniter\Session\Handlers\FileHandler' driver.
INFO - 2025-01-09 01:43:01 --> Session: Class initialized using 'CodeIgniter\Session\Handlers\FileHandler' driver.
INFO - 2025-01-09 01:43:26 --> Session: Class initialized using 'CodeIgniter\Session\Handlers\FileHandler' driver.
INFO - 2025-01-09 01:43:29 --> Session: Class initialized using 'CodeIgniter\Session\Handlers\FileHandler' driver.
INFO - 2025-01-09 01:43:33 --> Session: Class initialized using 'CodeIgniter\Session\Handlers\FileHandler' driver.
INFO - 2025-01-09 01:43:42 --> Session: Class initialized using 'CodeIgniter\Session\Handlers\FileHandler' driver.
INFO - 2025-01-09 01:43:52 --> Session: Class initialized using 'CodeIgniter\Session\Handlers\FileHandler' driver.
INFO - 2025-01-09 01:43:54 --> Session: Class initialized using 'CodeIgniter\Session\Handlers\FileHandler' driver.
INFO - 2025-01-09 01:43:56 --> Session: Class initialized using 'CodeIgniter\Session\Handlers\FileHandler' driver.
INFO - 2025-01-09 01:44:24 --> Session: Class initialized using 'CodeIgniter\Session\Handlers\FileHandler' driver.
INFO - 2025-01-09 01:45:41 --> Session: Class initialized using 'CodeIgniter\Session\Handlers\FileHandler' driver.
INFO - 2025-01-09 01:45:43 --> Session: Class initialized using 'CodeIgniter\Session\Handlers\FileHandler' driver.
INFO - 2025-01-09 01:45:44 --> Session: Class initialized using 'CodeIgniter\Session\Handlers\FileHandler' driver.
INFO - 2025-01-09 01:47:42 --> Session: Class initialized using 'CodeIgniter\Session\Handlers\FileHandler' driver.
INFO - 2025-01-09 01:47:45 --> Session: Class initialized using 'CodeIgniter\Session\Handlers\FileHandler' driver.
INFO - 2025-01-09 01:47:47 --> Session: Class initialized using 'CodeIgniter\Session\Handlers\FileHandler' driver.
INFO - 2025-01-09 01:53:05 --> Session: Class initialized using 'CodeIgniter\Session\Handlers\FileHandler' driver.
INFO - 2025-01-09 01:53:07 --> Session: Class initialized using 'CodeIgniter\Session\Handlers\FileHandler' driver.
INFO - 2025-01-09 01:53:11 --> Session: Class initialized using 'CodeIgniter\Session\Handlers\FileHandler' driver.
INFO - 2025-01-09 01:53:47 --> Session: Class initialized using 'CodeIgniter\Session\Handlers\FileHandler' driver.
INFO - 2025-01-09 01:53:54 --> Session: Class initialized using 'CodeIgniter\Session\Handlers\FileHandler' driver.
INFO - 2025-01-09 01:54:13 --> Session: Class initialized using 'CodeIgniter\Session\Handlers\FileHandler' driver.
INFO - 2025-01-09 01:55:03 --> Session: Class initialized using 'CodeIgniter\Session\Handlers\FileHandler' driver.
INFO - 2025-01-09 01:55:10 --> Session: Class initialized using 'CodeIgniter\Session\Handlers\FileHandler' driver.
INFO - 2025-01-09 01:55:10 --> Session: Class initialized using 'CodeIgniter\Session\Handlers\FileHandler' driver.
INFO - 2025-01-09 01:55:15 --> Session: Class initialized using 'CodeIgniter\Session\Handlers\FileHandler' driver.
INFO - 2025-01-09 01:55:15 --> Session: Class initialized using 'CodeIgniter\Session\Handlers\FileHandler' driver.
INFO - 2025-01-09 01:55:19 --> Session: Class initialized using 'CodeIgniter\Session\Handlers\FileHandler' driver.
INFO - 2025-01-09 01:55:19 --> Session: Class initialized using 'CodeIgniter\Session\Handlers\FileHandler' driver.
INFO - 2025-01-09 01:55:31 --> Session: Class initialized using 'CodeIgniter\Session\Handlers\FileHandler' driver.
INFO - 2025-01-09 01:55:32 --> Session: Class initialized using 'CodeIgniter\Session\Handlers\FileHandler' driver.
INFO - 2025-01-09 01:55:44 --> Session: Class initialized using 'CodeIgniter\Session\Handlers\FileHandler' driver.
INFO - 2025-01-09 01:55:44 --> Session: Class initialized using 'CodeIgniter\Session\Handlers\FileHandler' driver.
INFO - 2025-01-09 02:02:56 --> Session: Class initialized using 'CodeIgniter\Session\Handlers\FileHandler' driver.
ERROR - 2025-01-09 02:02:57 --> mysqli_sql_exception: Unknown column 'created_at' in 'order clause' in C:\Users\ASUS\Downloads\projectbnsp\system\Database\MySQLi\Connection.php:306
Stack trace:
#0 C:\Users\ASUS\Downloads\projectbnsp\system\Database\MySQLi\Connection.php(306): mysqli->query('SELECT *\nFROM `...', 0)
#1 C:\Users\ASUS\Downloads\projectbnsp\system\Database\BaseConnection.php(693): CodeIgniter\Database\MySQLi\Connection->execute('SELECT *\nFROM `...')
#2 C:\Users\ASUS\Downloads\projectbnsp\system\Database\BaseConnection.php(607): CodeIgniter\Database\BaseConnection->simpleQuery('SELECT *\nFROM `...')
#3 C:\Users\ASUS\Downloads\projectbnsp\system\Database\BaseBuilder.php(1615): CodeIgniter\Database\BaseConnection->query('SELECT *\nFROM `...', Array, false)
#4 C:\Users\ASUS\Downloads\projectbnsp\system\Model.php(237): CodeIgniter\Database\BaseBuilder->get()
#5 C:\Users\ASUS\Downloads\projectbnsp\system\BaseModel.php(624): CodeIgniter\Model->doFindAll(4, 0)
#6 C:\Users\ASUS\Downloads\projectbnsp\app\Controllers\PelangganDashboard.php(27): CodeIgniter\BaseModel->findAll(4)
#7 C:\Users\ASUS\Downloads\projectbnsp\system\CodeIgniter.php(942): App\Controllers\PelangganDashboard->index()
#8 C:\Users\ASUS\Downloads\projectbnsp\system\CodeIgniter.php(502): CodeIgniter\CodeIgniter->runController(Object(App\Controllers\PelangganDashboard))
#9 C:\Users\ASUS\Downloads\projectbnsp\system\CodeIgniter.php(361): CodeIgniter\CodeIgniter->handleRequest(NULL, Object(Config\Cache), false)
#10 C:\Users\ASUS\Downloads\projectbnsp\public\index.php(79): CodeIgniter\CodeIgniter->run()
#11 C:\Users\ASUS\Downloads\projectbnsp\system\Commands\Server\rewrite.php(47): require_once('C:\\Users\\ASUS\\D...')
#12 {main}
CRITICAL - 2025-01-09 02:02:57 --> Unknown column 'created_at' in 'order clause'
in SYSTEMPATH\Database\BaseConnection.php on line 647.
 1 SYSTEMPATH\Database\BaseBuilder.php(1615): CodeIgniter\Database\BaseConnection->query('SELECT *
FROM `product`
ORDER BY `created_at` DESC
 LIMIT 4', [], false)
 2 SYSTEMPATH\Model.php(237): CodeIgniter\Database\BaseBuilder->get()
 3 SYSTEMPATH\BaseModel.php(624): CodeIgniter\Model->doFindAll(4, 0)
 4 APPPATH\Controllers\PelangganDashboard.php(27): CodeIgniter\BaseModel->findAll(4)
 5 SYSTEMPATH\CodeIgniter.php(942): App\Controllers\PelangganDashboard->index()
 6 SYSTEMPATH\CodeIgniter.php(502): CodeIgniter\CodeIgniter->runController(Object(App\Controllers\PelangganDashboard))
 7 SYSTEMPATH\CodeIgniter.php(361): CodeIgniter\CodeIgniter->handleRequest(null, Object(Config\Cache), false)
 8 FCPATH\index.php(79): CodeIgniter\CodeIgniter->run()
 9 SYSTEMPATH\Commands\Server\rewrite.php(47): require_once('C:\\Users\\ASUS\\Downloads\\projectbnsp\\public\\index.php')
INFO - 2025-01-09 02:04:19 --> Session: Class initialized using 'CodeIgniter\Session\Handlers\FileHandler' driver.
INFO - 2025-01-09 02:04:35 --> Session: Class initialized using 'CodeIgniter\Session\Handlers\FileHandler' driver.
INFO - 2025-01-09 02:06:34 --> Session: Class initialized using 'CodeIgniter\Session\Handlers\FileHandler' driver.
CRITICAL - 2025-01-09 02:06:34 --> Undefined variable $produkTerbaru
in APPPATH\Views\konten\pelanggan\dashboard\index.php on line 64.
 1 APPPATH\Views\konten\pelanggan\dashboard\index.php(64): CodeIgniter\Debug\Exceptions->errorHandler(2, 'Undefined variable $produkTerbaru', 'C:\\Users\\ASUS\\Downloads\\projectbnsp\\app\\Views\\konten\\pelanggan\\dashboard\\index.php', 64)
 2 SYSTEMPATH\View\View.php(228): include('C:\\Users\\ASUS\\Downloads\\projectbnsp\\app\\Views\\konten\\pelanggan\\dashboard\\index.php')
 3 SYSTEMPATH\View\View.php(231): CodeIgniter\View\View->CodeIgniter\View\{closure}()
 4 SYSTEMPATH\Common.php(1190): CodeIgniter\View\View->render('konten/pelanggan/dashboard/index', [], true)
 5 APPPATH\Controllers\AdminDashboard.php(28): view('konten/pelanggan/dashboard/index', [...])
 6 SYSTEMPATH\CodeIgniter.php(942): App\Controllers\AdminDashboard->index()
 7 SYSTEMPATH\CodeIgniter.php(502): CodeIgniter\CodeIgniter->runController(Object(App\Controllers\AdminDashboard))
 8 SYSTEMPATH\CodeIgniter.php(361): CodeIgniter\CodeIgniter->handleRequest(null, Object(Config\Cache), false)
 9 FCPATH\index.php(79): CodeIgniter\CodeIgniter->run()
10 SYSTEMPATH\Commands\Server\rewrite.php(47): require_once('C:\\Users\\ASUS\\Downloads\\projectbnsp\\public\\index.php')
INFO - 2025-01-09 02:06:52 --> Session: Class initialized using 'CodeIgniter\Session\Handlers\FileHandler' driver.
INFO - 2025-01-09 02:30:25 --> Session: Class initialized using 'CodeIgniter\Session\Handlers\FileHandler' driver.
INFO - 2025-01-09 02:30:32 --> Session: Class initialized using 'CodeIgniter\Session\Handlers\FileHandler' driver.
INFO - 2025-01-09 02:39:29 --> Session: Class initialized using 'CodeIgniter\Session\Handlers\FileHandler' driver.
INFO - 2025-01-09 02:39:30 --> Session: Class initialized using 'CodeIgniter\Session\Handlers\FileHandler' driver.
INFO - 2025-01-09 02:39:32 --> Session: Class initialized using 'CodeIgniter\Session\Handlers\FileHandler' driver.
INFO - 2025-01-09 02:39:32 --> Session: Class initialized using 'CodeIgniter\Session\Handlers\FileHandler' driver.
INFO - 2025-01-09 02:40:34 --> Session: Class initialized using 'CodeIgniter\Session\Handlers\FileHandler' driver.
INFO - 2025-01-09 02:40:37 --> Session: Class initialized using 'CodeIgniter\Session\Handlers\FileHandler' driver.
INFO - 2025-01-09 02:40:45 --> Session: Class initialized using 'CodeIgniter\Session\Handlers\FileHandler' driver.
INFO - 2025-01-09 02:40:48 --> Session: Class initialized using 'CodeIgniter\Session\Handlers\FileHandler' driver.
INFO - 2025-01-09 02:40:53 --> Session: Class initialized using 'CodeIgniter\Session\Handlers\FileHandler' driver.
INFO - 2025-01-09 02:40:53 --> Session: Class initialized using 'CodeIgniter\Session\Handlers\FileHandler' driver.
INFO - 2025-01-09 02:41:03 --> Session: Class initialized using 'CodeIgniter\Session\Handlers\FileHandler' driver.
INFO - 2025-01-09 02:41:06 --> Session: Class initialized using 'CodeIgniter\Session\Handlers\FileHandler' driver.
INFO - 2025-01-09 02:41:36 --> Session: Class initialized using 'CodeIgniter\Session\Handlers\FileHandler' driver.
INFO - 2025-01-09 02:41:37 --> Session: Class initialized using 'CodeIgniter\Session\Handlers\FileHandler' driver.
INFO - 2025-01-09 02:41:46 --> Session: Class initialized using 'CodeIgniter\Session\Handlers\FileHandler' driver.
INFO - 2025-01-09 02:41:46 --> Session: Class initialized using 'CodeIgniter\Session\Handlers\FileHandler' driver.
INFO - 2025-01-09 02:42:03 --> Session: Class initialized using 'CodeIgniter\Session\Handlers\FileHandler' driver.
INFO - 2025-01-09 02:42:03 --> Session: Class initialized using 'CodeIgniter\Session\Handlers\FileHandler' driver.
INFO - 2025-01-09 02:42:41 --> Session: Class initialized using 'CodeIgniter\Session\Handlers\FileHandler' driver.
INFO - 2025-01-09 02:43:17 --> Session: Class initialized using 'CodeIgniter\Session\Handlers\FileHandler' driver.
INFO - 2025-01-09 02:44:24 --> Session: Class initialized using 'CodeIgniter\Session\Handlers\FileHandler' driver.
INFO - 2025-01-09 02:44:47 --> Session: Class initialized using 'CodeIgniter\Session\Handlers\FileHandler' driver.
INFO - 2025-01-09 02:45:53 --> Session: Class initialized using 'CodeIgniter\Session\Handlers\FileHandler' driver.
CRITICAL - 2025-01-09 02:45:53 --> Undefined array key "kategori_id"
in APPPATH\Controllers\TransaksiPelanggan.php on line 37.
 1 APPPATH\Controllers\TransaksiPelanggan.php(37): CodeIgniter\Debug\Exceptions->errorHandler(2, 'Undefined array key "kategori_id"', 'C:\\Users\\ASUS\\Downloads\\projectbnsp\\app\\Controllers\\TransaksiPelanggan.php', 37)
 2 SYSTEMPATH\CodeIgniter.php(942): App\Controllers\TransaksiPelanggan->add('MQ==')
 3 SYSTEMPATH\CodeIgniter.php(502): CodeIgniter\CodeIgniter->runController(Object(App\Controllers\TransaksiPelanggan))
 4 SYSTEMPATH\CodeIgniter.php(361): CodeIgniter\CodeIgniter->handleRequest(null, Object(Config\Cache), false)
 5 FCPATH\index.php(79): CodeIgniter\CodeIgniter->run()
 6 SYSTEMPATH\Commands\Server\rewrite.php(47): require_once('C:\\Users\\ASUS\\Downloads\\projectbnsp\\public\\index.php')
INFO - 2025-01-09 02:49:35 --> Session: Class initialized using 'CodeIgniter\Session\Handlers\FileHandler' driver.
CRITICAL - 2025-01-09 02:49:35 --> Invalid file: "pelanggan/transaksi/add.php"
in SYSTEMPATH\Exceptions\FrameworkException.php on line 39.
 1 SYSTEMPATH\View\View.php(216): CodeIgniter\Exceptions\FrameworkException::forInvalidFile('pelanggan/transaksi/add.php')
 2 SYSTEMPATH\Common.php(1190): CodeIgniter\View\View->render('pelanggan/transaksi/add', [], true)
 3 APPPATH\Controllers\TransaksiPelanggan.php(39): view('pelanggan/transaksi/add', [...])
 4 SYSTEMPATH\CodeIgniter.php(942): App\Controllers\TransaksiPelanggan->add('MQ==')
 5 SYSTEMPATH\CodeIgniter.php(502): CodeIgniter\CodeIgniter->runController(Object(App\Controllers\TransaksiPelanggan))
 6 SYSTEMPATH\CodeIgniter.php(361): CodeIgniter\CodeIgniter->handleRequest(null, Object(Config\Cache), false)
 7 FCPATH\index.php(79): CodeIgniter\CodeIgniter->run()
 8 SYSTEMPATH\Commands\Server\rewrite.php(47): require_once('C:\\Users\\ASUS\\Downloads\\projectbnsp\\public\\index.php')
INFO - 2025-01-09 02:49:55 --> Session: Class initialized using 'CodeIgniter\Session\Handlers\FileHandler' driver.
CRITICAL - 2025-01-09 02:49:55 --> Attempt to read property "id" on array
in APPPATH\Views\konten\pelanggan\transaksi\add.php on line 17.
 1 APPPATH\Views\konten\pelanggan\transaksi\add.php(17): CodeIgniter\Debug\Exceptions->errorHandler(2, 'Attempt to read property "id" on array', 'C:\\Users\\ASUS\\Downloads\\projectbnsp\\app\\Views\\konten\\pelanggan\\transaksi\\add.php', 17)
 2 SYSTEMPATH\View\View.php(228): include('C:\\Users\\ASUS\\Downloads\\projectbnsp\\app\\Views\\konten\\pelanggan\\transaksi\\add.php')
 3 SYSTEMPATH\View\View.php(231): CodeIgniter\View\View->CodeIgniter\View\{closure}()
 4 SYSTEMPATH\Common.php(1190): CodeIgniter\View\View->render('konten/pelanggan/transaksi/add', [], true)
 5 APPPATH\Controllers\TransaksiPelanggan.php(39): view('konten/pelanggan/transaksi/add', [...])
 6 SYSTEMPATH\CodeIgniter.php(942): App\Controllers\TransaksiPelanggan->add('MQ==')
 7 SYSTEMPATH\CodeIgniter.php(502): CodeIgniter\CodeIgniter->runController(Object(App\Controllers\TransaksiPelanggan))
 8 SYSTEMPATH\CodeIgniter.php(361): CodeIgniter\CodeIgniter->handleRequest(null, Object(Config\Cache), false)
 9 FCPATH\index.php(79): CodeIgniter\CodeIgniter->run()
10 SYSTEMPATH\Commands\Server\rewrite.php(47): require_once('C:\\Users\\ASUS\\Downloads\\projectbnsp\\public\\index.php')
INFO - 2025-01-09 02:50:26 --> Session: Class initialized using 'CodeIgniter\Session\Handlers\FileHandler' driver.
CRITICAL - 2025-01-09 02:50:26 --> Undefined array key "nama_product"
in APPPATH\Views\konten\pelanggan\transaksi\add.php on line 22.
 1 APPPATH\Views\konten\pelanggan\transaksi\add.php(22): CodeIgniter\Debug\Exceptions->errorHandler(2, 'Undefined array key "nama_product"', 'C:\\Users\\ASUS\\Downloads\\projectbnsp\\app\\Views\\konten\\pelanggan\\transaksi\\add.php', 22)
 2 SYSTEMPATH\View\View.php(228): include('C:\\Users\\ASUS\\Downloads\\projectbnsp\\app\\Views\\konten\\pelanggan\\transaksi\\add.php')
 3 SYSTEMPATH\View\View.php(231): CodeIgniter\View\View->CodeIgniter\View\{closure}()
 4 SYSTEMPATH\Common.php(1190): CodeIgniter\View\View->render('konten/pelanggan/transaksi/add', [], true)
 5 APPPATH\Controllers\TransaksiPelanggan.php(39): view('konten/pelanggan/transaksi/add', [...])
 6 SYSTEMPATH\CodeIgniter.php(942): App\Controllers\TransaksiPelanggan->add('MQ==')
 7 SYSTEMPATH\CodeIgniter.php(502): CodeIgniter\CodeIgniter->runController(Object(App\Controllers\TransaksiPelanggan))
 8 SYSTEMPATH\CodeIgniter.php(361): CodeIgniter\CodeIgniter->handleRequest(null, Object(Config\Cache), false)
 9 FCPATH\index.php(79): CodeIgniter\CodeIgniter->run()
10 SYSTEMPATH\Commands\Server\rewrite.php(47): require_once('C:\\Users\\ASUS\\Downloads\\projectbnsp\\public\\index.php')
INFO - 2025-01-09 02:51:40 --> Session: Class initialized using 'CodeIgniter\Session\Handlers\FileHandler' driver.
CRITICAL - 2025-01-09 02:51:40 --> Attempt to read property "nama_product" on array
in APPPATH\Views\konten\pelanggan\transaksi\add.php on line 22.
 1 APPPATH\Views\konten\pelanggan\transaksi\add.php(22): CodeIgniter\Debug\Exceptions->errorHandler(2, 'Attempt to read property "nama_product" on array', 'C:\\Users\\ASUS\\Downloads\\projectbnsp\\app\\Views\\konten\\pelanggan\\transaksi\\add.php', 22)
 2 SYSTEMPATH\View\View.php(228): include('C:\\Users\\ASUS\\Downloads\\projectbnsp\\app\\Views\\konten\\pelanggan\\transaksi\\add.php')
 3 SYSTEMPATH\View\View.php(231): CodeIgniter\View\View->CodeIgniter\View\{closure}()
 4 SYSTEMPATH\Common.php(1190): CodeIgniter\View\View->render('konten/pelanggan/transaksi/add', [], true)
 5 APPPATH\Controllers\TransaksiPelanggan.php(39): view('konten/pelanggan/transaksi/add', [...])
 6 SYSTEMPATH\CodeIgniter.php(942): App\Controllers\TransaksiPelanggan->add('MQ==')
 7 SYSTEMPATH\CodeIgniter.php(502): CodeIgniter\CodeIgniter->runController(Object(App\Controllers\TransaksiPelanggan))
 8 SYSTEMPATH\CodeIgniter.php(361): CodeIgniter\CodeIgniter->handleRequest(null, Object(Config\Cache), false)
 9 FCPATH\index.php(79): CodeIgniter\CodeIgniter->run()
10 SYSTEMPATH\Commands\Server\rewrite.php(47): require_once('C:\\Users\\ASUS\\Downloads\\projectbnsp\\public\\index.php')
INFO - 2025-01-09 02:53:00 --> Session: Class initialized using 'CodeIgniter\Session\Handlers\FileHandler' driver.
CRITICAL - 2025-01-09 02:53:00 --> Undefined array key "kategori_id"
in APPPATH\Controllers\TransaksiPelanggan.php on line 36.
 1 APPPATH\Controllers\TransaksiPelanggan.php(36): CodeIgniter\Debug\Exceptions->errorHandler(2, 'Undefined array key "kategori_id"', 'C:\\Users\\ASUS\\Downloads\\projectbnsp\\app\\Controllers\\TransaksiPelanggan.php', 36)
 2 SYSTEMPATH\CodeIgniter.php(942): App\Controllers\TransaksiPelanggan->add('MQ==')
 3 SYSTEMPATH\CodeIgniter.php(502): CodeIgniter\CodeIgniter->runController(Object(App\Controllers\TransaksiPelanggan))
 4 SYSTEMPATH\CodeIgniter.php(361): CodeIgniter\CodeIgniter->handleRequest(null, Object(Config\Cache), false)
 5 FCPATH\index.php(79): CodeIgniter\CodeIgniter->run()
 6 SYSTEMPATH\Commands\Server\rewrite.php(47): require_once('C:\\Users\\ASUS\\Downloads\\projectbnsp\\public\\index.php')
INFO - 2025-01-09 02:54:42 --> Session: Class initialized using 'CodeIgniter\Session\Handlers\FileHandler' driver.
INFO - 2025-01-09 02:54:42 --> Session: Class initialized using 'CodeIgniter\Session\Handlers\FileHandler' driver.
INFO - 2025-01-09 02:54:47 --> Session: Class initialized using 'CodeIgniter\Session\Handlers\FileHandler' driver.
INFO - 2025-01-09 02:54:48 --> Session: Class initialized using 'CodeIgniter\Session\Handlers\FileHandler' driver.
INFO - 2025-01-09 02:54:52 --> Session: Class initialized using 'CodeIgniter\Session\Handlers\FileHandler' driver.
INFO - 2025-01-09 02:54:52 --> Session: Class initialized using 'CodeIgniter\Session\Handlers\FileHandler' driver.
INFO - 2025-01-09 02:57:51 --> Session: Class initialized using 'CodeIgniter\Session\Handlers\FileHandler' driver.
INFO - 2025-01-09 02:57:54 --> Session: Class initialized using 'CodeIgniter\Session\Handlers\FileHandler' driver.
CRITICAL - 2025-01-09 02:57:54 --> Invalid file: "pelanggan/transaksi/add.php"
in SYSTEMPATH\Exceptions\FrameworkException.php on line 39.
 1 SYSTEMPATH\View\View.php(216): CodeIgniter\Exceptions\FrameworkException::forInvalidFile('pelanggan/transaksi/add.php')
 2 SYSTEMPATH\Common.php(1190): CodeIgniter\View\View->render('pelanggan/transaksi/add', [], true)
 3 APPPATH\Controllers\TransaksiPelanggan.php(50): view('pelanggan/transaksi/add', [...])
 4 SYSTEMPATH\CodeIgniter.php(942): App\Controllers\TransaksiPelanggan->add('MQ==')
 5 SYSTEMPATH\CodeIgniter.php(502): CodeIgniter\CodeIgniter->runController(Object(App\Controllers\TransaksiPelanggan))
 6 SYSTEMPATH\CodeIgniter.php(361): CodeIgniter\CodeIgniter->handleRequest(null, Object(Config\Cache), false)
 7 FCPATH\index.php(79): CodeIgniter\CodeIgniter->run()
 8 SYSTEMPATH\Commands\Server\rewrite.php(47): require_once('C:\\Users\\ASUS\\Downloads\\projectbnsp\\public\\index.php')
INFO - 2025-01-09 02:58:05 --> Session: Class initialized using 'CodeIgniter\Session\Handlers\FileHandler' driver.
CRITICAL - 2025-01-09 02:58:05 --> Undefined array key "nama"
in APPPATH\Views\konten\pelanggan\transaksi\add.php on line 33.
 1 APPPATH\Views\konten\pelanggan\transaksi\add.php(33): CodeIgniter\Debug\Exceptions->errorHandler(2, 'Undefined array key "nama"', 'C:\\Users\\ASUS\\Downloads\\projectbnsp\\app\\Views\\konten\\pelanggan\\transaksi\\add.php', 33)
 2 SYSTEMPATH\View\View.php(228): include('C:\\Users\\ASUS\\Downloads\\projectbnsp\\app\\Views\\konten\\pelanggan\\transaksi\\add.php')
 3 SYSTEMPATH\View\View.php(231): CodeIgniter\View\View->CodeIgniter\View\{closure}()
 4 SYSTEMPATH\Common.php(1190): CodeIgniter\View\View->render('konten/pelanggan/transaksi/add', [], true)
 5 APPPATH\Controllers\TransaksiPelanggan.php(50): view('konten/pelanggan/transaksi/add', [...])
 6 SYSTEMPATH\CodeIgniter.php(942): App\Controllers\TransaksiPelanggan->add('MQ==')
 7 SYSTEMPATH\CodeIgniter.php(502): CodeIgniter\CodeIgniter->runController(Object(App\Controllers\TransaksiPelanggan))
 8 SYSTEMPATH\CodeIgniter.php(361): CodeIgniter\CodeIgniter->handleRequest(null, Object(Config\Cache), false)
 9 FCPATH\index.php(79): CodeIgniter\CodeIgniter->run()
10 SYSTEMPATH\Commands\Server\rewrite.php(47): require_once('C:\\Users\\ASUS\\Downloads\\projectbnsp\\public\\index.php')
INFO - 2025-01-09 02:59:08 --> Session: Class initialized using 'CodeIgniter\Session\Handlers\FileHandler' driver.
INFO - 2025-01-09 03:00:21 --> Session: Class initialized using 'CodeIgniter\Session\Handlers\FileHandler' driver.
INFO - 2025-01-09 03:00:25 --> Session: Class initialized using 'CodeIgniter\Session\Handlers\FileHandler' driver.
INFO - 2025-01-09 03:00:25 --> Session: Class initialized using 'CodeIgniter\Session\Handlers\FileHandler' driver.
INFO - 2025-01-09 03:00:33 --> Session: Class initialized using 'CodeIgniter\Session\Handlers\FileHandler' driver.
INFO - 2025-01-09 03:00:58 --> Session: Class initialized using 'CodeIgniter\Session\Handlers\FileHandler' driver.
INFO - 2025-01-09 03:00:58 --> Session: Class initialized using 'CodeIgniter\Session\Handlers\FileHandler' driver.
INFO - 2025-01-09 03:01:02 --> Session: Class initialized using 'CodeIgniter\Session\Handlers\FileHandler' driver.
INFO - 2025-01-09 03:01:02 --> Session: Class initialized using 'CodeIgniter\Session\Handlers\FileHandler' driver.
INFO - 2025-01-09 03:01:05 --> Session: Class initialized using 'CodeIgniter\Session\Handlers\FileHandler' driver.
INFO - 2025-01-09 03:01:07 --> Session: Class initialized using 'CodeIgniter\Session\Handlers\FileHandler' driver.
CRITICAL - 2025-01-09 03:01:07 --> Undefined array key "nama"
in APPPATH\Views\konten\pelanggan\transaksi\add.php on line 33.
 1 APPPATH\Views\konten\pelanggan\transaksi\add.php(33): CodeIgniter\Debug\Exceptions->errorHandler(2, 'Undefined array key "nama"', 'C:\\Users\\ASUS\\Downloads\\projectbnsp\\app\\Views\\konten\\pelanggan\\transaksi\\add.php', 33)
 2 SYSTEMPATH\View\View.php(228): include('C:\\Users\\ASUS\\Downloads\\projectbnsp\\app\\Views\\konten\\pelanggan\\transaksi\\add.php')
 3 SYSTEMPATH\View\View.php(231): CodeIgniter\View\View->CodeIgniter\View\{closure}()
 4 SYSTEMPATH\Common.php(1190): CodeIgniter\View\View->render('konten/pelanggan/transaksi/add', [], true)
 5 APPPATH\Controllers\TransaksiPelanggan.php(51): view('konten/pelanggan/transaksi/add', [...])
 6 SYSTEMPATH\CodeIgniter.php(942): App\Controllers\TransaksiPelanggan->add('MQ==')
 7 SYSTEMPATH\CodeIgniter.php(502): CodeIgniter\CodeIgniter->runController(Object(App\Controllers\TransaksiPelanggan))
 8 SYSTEMPATH\CodeIgniter.php(361): CodeIgniter\CodeIgniter->handleRequest(null, Object(Config\Cache), false)
 9 FCPATH\index.php(79): CodeIgniter\CodeIgniter->run()
10 SYSTEMPATH\Commands\Server\rewrite.php(47): require_once('C:\\Users\\ASUS\\Downloads\\projectbnsp\\public\\index.php')
INFO - 2025-01-09 03:01:19 --> Session: Class initialized using 'CodeIgniter\Session\Handlers\FileHandler' driver.
INFO - 2025-01-09 03:02:07 --> Session: Class initialized using 'CodeIgniter\Session\Handlers\FileHandler' driver.
CRITICAL - 2025-01-09 03:02:07 --> Attempt to read property "nama" on array
in APPPATH\Views\konten\pelanggan\transaksi\add.php on line 33.
 1 APPPATH\Views\konten\pelanggan\transaksi\add.php(33): CodeIgniter\Debug\Exceptions->errorHandler(2, 'Attempt to read property "nama" on array', 'C:\\Users\\ASUS\\Downloads\\projectbnsp\\app\\Views\\konten\\pelanggan\\transaksi\\add.php', 33)
 2 SYSTEMPATH\View\View.php(228): include('C:\\Users\\ASUS\\Downloads\\projectbnsp\\app\\Views\\konten\\pelanggan\\transaksi\\add.php')
 3 SYSTEMPATH\View\View.php(231): CodeIgniter\View\View->CodeIgniter\View\{closure}()
 4 SYSTEMPATH\Common.php(1190): CodeIgniter\View\View->render('konten/pelanggan/transaksi/add', [], true)
 5 APPPATH\Controllers\TransaksiPelanggan.php(51): view('konten/pelanggan/transaksi/add', [...])
 6 SYSTEMPATH\CodeIgniter.php(942): App\Controllers\TransaksiPelanggan->add('MQ==')
 7 SYSTEMPATH\CodeIgniter.php(502): CodeIgniter\CodeIgniter->runController(Object(App\Controllers\TransaksiPelanggan))
 8 SYSTEMPATH\CodeIgniter.php(361): CodeIgniter\CodeIgniter->handleRequest(null, Object(Config\Cache), false)
 9 FCPATH\index.php(79): CodeIgniter\CodeIgniter->run()
10 SYSTEMPATH\Commands\Server\rewrite.php(47): require_once('C:\\Users\\ASUS\\Downloads\\projectbnsp\\public\\index.php')
INFO - 2025-01-09 03:02:35 --> Session: Class initialized using 'CodeIgniter\Session\Handlers\FileHandler' driver.
CRITICAL - 2025-01-09 03:02:35 --> Undefined array key "nama"
in APPPATH\Views\konten\pelanggan\transaksi\add.php on line 33.
 1 APPPATH\Views\konten\pelanggan\transaksi\add.php(33): CodeIgniter\Debug\Exceptions->errorHandler(2, 'Undefined array key "nama"', 'C:\\Users\\ASUS\\Downloads\\projectbnsp\\app\\Views\\konten\\pelanggan\\transaksi\\add.php', 33)
 2 SYSTEMPATH\View\View.php(228): include('C:\\Users\\ASUS\\Downloads\\projectbnsp\\app\\Views\\konten\\pelanggan\\transaksi\\add.php')
 3 SYSTEMPATH\View\View.php(231): CodeIgniter\View\View->CodeIgniter\View\{closure}()
 4 SYSTEMPATH\Common.php(1190): CodeIgniter\View\View->render('konten/pelanggan/transaksi/add', [], true)
 5 APPPATH\Controllers\TransaksiPelanggan.php(51): view('konten/pelanggan/transaksi/add', [...])
 6 SYSTEMPATH\CodeIgniter.php(942): App\Controllers\TransaksiPelanggan->add('MQ==')
 7 SYSTEMPATH\CodeIgniter.php(502): CodeIgniter\CodeIgniter->runController(Object(App\Controllers\TransaksiPelanggan))
 8 SYSTEMPATH\CodeIgniter.php(361): CodeIgniter\CodeIgniter->handleRequest(null, Object(Config\Cache), false)
 9 FCPATH\index.php(79): CodeIgniter\CodeIgniter->run()
10 SYSTEMPATH\Commands\Server\rewrite.php(47): require_once('C:\\Users\\ASUS\\Downloads\\projectbnsp\\public\\index.php')
INFO - 2025-01-09 03:02:37 --> Session: Class initialized using 'CodeIgniter\Session\Handlers\FileHandler' driver.
CRITICAL - 2025-01-09 03:02:37 --> Undefined array key "nama"
in APPPATH\Views\konten\pelanggan\transaksi\add.php on line 33.
 1 APPPATH\Views\konten\pelanggan\transaksi\add.php(33): CodeIgniter\Debug\Exceptions->errorHandler(2, 'Undefined array key "nama"', 'C:\\Users\\ASUS\\Downloads\\projectbnsp\\app\\Views\\konten\\pelanggan\\transaksi\\add.php', 33)
 2 SYSTEMPATH\View\View.php(228): include('C:\\Users\\ASUS\\Downloads\\projectbnsp\\app\\Views\\konten\\pelanggan\\transaksi\\add.php')
 3 SYSTEMPATH\View\View.php(231): CodeIgniter\View\View->CodeIgniter\View\{closure}()
 4 SYSTEMPATH\Common.php(1190): CodeIgniter\View\View->render('konten/pelanggan/transaksi/add', [], true)
 5 APPPATH\Controllers\TransaksiPelanggan.php(51): view('konten/pelanggan/transaksi/add', [...])
 6 SYSTEMPATH\CodeIgniter.php(942): App\Controllers\TransaksiPelanggan->add('MQ==')
 7 SYSTEMPATH\CodeIgniter.php(502): CodeIgniter\CodeIgniter->runController(Object(App\Controllers\TransaksiPelanggan))
 8 SYSTEMPATH\CodeIgniter.php(361): CodeIgniter\CodeIgniter->handleRequest(null, Object(Config\Cache), false)
 9 FCPATH\index.php(79): CodeIgniter\CodeIgniter->run()
10 SYSTEMPATH\Commands\Server\rewrite.php(47): require_once('C:\\Users\\ASUS\\Downloads\\projectbnsp\\public\\index.php')
INFO - 2025-01-09 03:02:38 --> Session: Class initialized using 'CodeIgniter\Session\Handlers\FileHandler' driver.
CRITICAL - 2025-01-09 03:02:38 --> Undefined array key "nama"
in APPPATH\Views\konten\pelanggan\transaksi\add.php on line 33.
 1 APPPATH\Views\konten\pelanggan\transaksi\add.php(33): CodeIgniter\Debug\Exceptions->errorHandler(2, 'Undefined array key "nama"', 'C:\\Users\\ASUS\\Downloads\\projectbnsp\\app\\Views\\konten\\pelanggan\\transaksi\\add.php', 33)
 2 SYSTEMPATH\View\View.php(228): include('C:\\Users\\ASUS\\Downloads\\projectbnsp\\app\\Views\\konten\\pelanggan\\transaksi\\add.php')
 3 SYSTEMPATH\View\View.php(231): CodeIgniter\View\View->CodeIgniter\View\{closure}()
 4 SYSTEMPATH\Common.php(1190): CodeIgniter\View\View->render('konten/pelanggan/transaksi/add', [], true)
 5 APPPATH\Controllers\TransaksiPelanggan.php(51): view('konten/pelanggan/transaksi/add', [...])
 6 SYSTEMPATH\CodeIgniter.php(942): App\Controllers\TransaksiPelanggan->add('MQ==')
 7 SYSTEMPATH\CodeIgniter.php(502): CodeIgniter\CodeIgniter->runController(Object(App\Controllers\TransaksiPelanggan))
 8 SYSTEMPATH\CodeIgniter.php(361): CodeIgniter\CodeIgniter->handleRequest(null, Object(Config\Cache), false)
 9 FCPATH\index.php(79): CodeIgniter\CodeIgniter->run()
10 SYSTEMPATH\Commands\Server\rewrite.php(47): require_once('C:\\Users\\ASUS\\Downloads\\projectbnsp\\public\\index.php')
INFO - 2025-01-09 03:02:39 --> Session: Class initialized using 'CodeIgniter\Session\Handlers\FileHandler' driver.
CRITICAL - 2025-01-09 03:02:39 --> Undefined array key "nama"
in APPPATH\Views\konten\pelanggan\transaksi\add.php on line 33.
 1 APPPATH\Views\konten\pelanggan\transaksi\add.php(33): CodeIgniter\Debug\Exceptions->errorHandler(2, 'Undefined array key "nama"', 'C:\\Users\\ASUS\\Downloads\\projectbnsp\\app\\Views\\konten\\pelanggan\\transaksi\\add.php', 33)
 2 SYSTEMPATH\View\View.php(228): include('C:\\Users\\ASUS\\Downloads\\projectbnsp\\app\\Views\\konten\\pelanggan\\transaksi\\add.php')
 3 SYSTEMPATH\View\View.php(231): CodeIgniter\View\View->CodeIgniter\View\{closure}()
 4 SYSTEMPATH\Common.php(1190): CodeIgniter\View\View->render('konten/pelanggan/transaksi/add', [], true)
 5 APPPATH\Controllers\TransaksiPelanggan.php(51): view('konten/pelanggan/transaksi/add', [...])
 6 SYSTEMPATH\CodeIgniter.php(942): App\Controllers\TransaksiPelanggan->add('MQ==')
 7 SYSTEMPATH\CodeIgniter.php(502): CodeIgniter\CodeIgniter->runController(Object(App\Controllers\TransaksiPelanggan))
 8 SYSTEMPATH\CodeIgniter.php(361): CodeIgniter\CodeIgniter->handleRequest(null, Object(Config\Cache), false)
 9 FCPATH\index.php(79): CodeIgniter\CodeIgniter->run()
10 SYSTEMPATH\Commands\Server\rewrite.php(47): require_once('C:\\Users\\ASUS\\Downloads\\projectbnsp\\public\\index.php')
INFO - 2025-01-09 03:02:39 --> Session: Class initialized using 'CodeIgniter\Session\Handlers\FileHandler' driver.
CRITICAL - 2025-01-09 03:02:39 --> Undefined array key "nama"
in APPPATH\Views\konten\pelanggan\transaksi\add.php on line 33.
 1 APPPATH\Views\konten\pelanggan\transaksi\add.php(33): CodeIgniter\Debug\Exceptions->errorHandler(2, 'Undefined array key "nama"', 'C:\\Users\\ASUS\\Downloads\\projectbnsp\\app\\Views\\konten\\pelanggan\\transaksi\\add.php', 33)
 2 SYSTEMPATH\View\View.php(228): include('C:\\Users\\ASUS\\Downloads\\projectbnsp\\app\\Views\\konten\\pelanggan\\transaksi\\add.php')
 3 SYSTEMPATH\View\View.php(231): CodeIgniter\View\View->CodeIgniter\View\{closure}()
 4 SYSTEMPATH\Common.php(1190): CodeIgniter\View\View->render('konten/pelanggan/transaksi/add', [], true)
 5 APPPATH\Controllers\TransaksiPelanggan.php(51): view('konten/pelanggan/transaksi/add', [...])
 6 SYSTEMPATH\CodeIgniter.php(942): App\Controllers\TransaksiPelanggan->add('MQ==')
 7 SYSTEMPATH\CodeIgniter.php(502): CodeIgniter\CodeIgniter->runController(Object(App\Controllers\TransaksiPelanggan))
 8 SYSTEMPATH\CodeIgniter.php(361): CodeIgniter\CodeIgniter->handleRequest(null, Object(Config\Cache), false)
 9 FCPATH\index.php(79): CodeIgniter\CodeIgniter->run()
10 SYSTEMPATH\Commands\Server\rewrite.php(47): require_once('C:\\Users\\ASUS\\Downloads\\projectbnsp\\public\\index.php')
INFO - 2025-01-09 03:02:52 --> Session: Class initialized using 'CodeIgniter\Session\Handlers\FileHandler' driver.
INFO - 2025-01-09 03:07:51 --> Session: Class initialized using 'CodeIgniter\Session\Handlers\FileHandler' driver.
INFO - 2025-01-09 03:07:52 --> Session: Class initialized using 'CodeIgniter\Session\Handlers\FileHandler' driver.
INFO - 2025-01-09 03:07:56 --> Session: Class initialized using 'CodeIgniter\Session\Handlers\FileHandler' driver.
CRITICAL - 2025-01-09 03:07:56 --> Trying to access array offset on value of type null
in APPPATH\Controllers\TransaksiPelanggan.php on line 63.
 1 APPPATH\Controllers\TransaksiPelanggan.php(63): CodeIgniter\Debug\Exceptions->errorHandler(2, 'Trying to access array offset on value of type null', 'C:\\Users\\ASUS\\Downloads\\projectbnsp\\app\\Controllers\\TransaksiPelanggan.php', 63)
 2 SYSTEMPATH\CodeIgniter.php(942): App\Controllers\TransaksiPelanggan->store()
 3 SYSTEMPATH\CodeIgniter.php(502): CodeIgniter\CodeIgniter->runController(Object(App\Controllers\TransaksiPelanggan))
 4 SYSTEMPATH\CodeIgniter.php(361): CodeIgniter\CodeIgniter->handleRequest(null, Object(Config\Cache), false)
 5 FCPATH\index.php(79): CodeIgniter\CodeIgniter->run()
 6 SYSTEMPATH\Commands\Server\rewrite.php(47): require_once('C:\\Users\\ASUS\\Downloads\\projectbnsp\\public\\index.php')
INFO - 2025-01-09 03:09:15 --> Session: Class initialized using 'CodeIgniter\Session\Handlers\FileHandler' driver.
INFO - 2025-01-09 03:09:16 --> Session: Class initialized using 'CodeIgniter\Session\Handlers\FileHandler' driver.
INFO - 2025-01-09 03:09:20 --> Session: Class initialized using 'CodeIgniter\Session\Handlers\FileHandler' driver.
INFO - 2025-01-09 03:09:26 --> Session: Class initialized using 'CodeIgniter\Session\Handlers\FileHandler' driver.
INFO - 2025-01-09 03:09:27 --> Session: Class initialized using 'CodeIgniter\Session\Handlers\FileHandler' driver.
INFO - 2025-01-09 03:09:30 --> Session: Class initialized using 'CodeIgniter\Session\Handlers\FileHandler' driver.
INFO - 2025-01-09 03:09:57 --> Session: Class initialized using 'CodeIgniter\Session\Handlers\FileHandler' driver.
INFO - 2025-01-09 03:10:01 --> Session: Class initialized using 'CodeIgniter\Session\Handlers\FileHandler' driver.
INFO - 2025-01-09 03:10:04 --> Session: Class initialized using 'CodeIgniter\Session\Handlers\FileHandler' driver.
INFO - 2025-01-09 03:10:17 --> Session: Class initialized using 'CodeIgniter\Session\Handlers\FileHandler' driver.
INFO - 2025-01-09 03:10:17 --> Session: Class initialized using 'CodeIgniter\Session\Handlers\FileHandler' driver.
INFO - 2025-01-09 03:10:20 --> Session: Class initialized using 'CodeIgniter\Session\Handlers\FileHandler' driver.
INFO - 2025-01-09 03:10:20 --> Session: Class initialized using 'CodeIgniter\Session\Handlers\FileHandler' driver.
INFO - 2025-01-09 03:10:23 --> Session: Class initialized using 'CodeIgniter\Session\Handlers\FileHandler' driver.
INFO - 2025-01-09 03:10:35 --> Session: Class initialized using 'CodeIgniter\Session\Handlers\FileHandler' driver.
INFO - 2025-01-09 03:10:41 --> Session: Class initialized using 'CodeIgniter\Session\Handlers\FileHandler' driver.
INFO - 2025-01-09 03:14:23 --> Session: Class initialized using 'CodeIgniter\Session\Handlers\FileHandler' driver.
INFO - 2025-01-09 03:14:23 --> Session: Class initialized using 'CodeIgniter\Session\Handlers\FileHandler' driver.
INFO - 2025-01-09 03:14:54 --> Session: Class initialized using 'CodeIgniter\Session\Handlers\FileHandler' driver.
INFO - 2025-01-09 03:14:55 --> Session: Class initialized using 'CodeIgniter\Session\Handlers\FileHandler' driver.
INFO - 2025-01-09 03:15:00 --> Session: Class initialized using 'CodeIgniter\Session\Handlers\FileHandler' driver.
INFO - 2025-01-09 03:15:00 --> Session: Class initialized using 'CodeIgniter\Session\Handlers\FileHandler' driver.
INFO - 2025-01-09 03:16:42 --> Session: Class initialized using 'CodeIgniter\Session\Handlers\FileHandler' driver.
INFO - 2025-01-09 03:16:51 --> Session: Class initialized using 'CodeIgniter\Session\Handlers\FileHandler' driver.
INFO - 2025-01-09 03:17:06 --> Session: Class initialized using 'CodeIgniter\Session\Handlers\FileHandler' driver.
INFO - 2025-01-09 03:17:06 --> Session: Class initialized using 'CodeIgniter\Session\Handlers\FileHandler' driver.
INFO - 2025-01-09 03:18:12 --> Session: Class initialized using 'CodeIgniter\Session\Handlers\FileHandler' driver.
INFO - 2025-01-09 03:18:15 --> Session: Class initialized using 'CodeIgniter\Session\Handlers\FileHandler' driver.
INFO - 2025-01-09 03:22:41 --> Session: Class initialized using 'CodeIgniter\Session\Handlers\FileHandler' driver.
INFO - 2025-01-09 03:22:41 --> Session: Class initialized using 'CodeIgniter\Session\Handlers\FileHandler' driver.
INFO - 2025-01-09 03:23:37 --> Session: Class initialized using 'CodeIgniter\Session\Handlers\FileHandler' driver.
INFO - 2025-01-09 03:23:50 --> Session: Class initialized using 'CodeIgniter\Session\Handlers\FileHandler' driver.
INFO - 2025-01-09 03:23:55 --> Session: Class initialized using 'CodeIgniter\Session\Handlers\FileHandler' driver.
INFO - 2025-01-09 03:23:55 --> Session: Class initialized using 'CodeIgniter\Session\Handlers\FileHandler' driver.
INFO - 2025-01-09 03:25:58 --> Session: Class initialized using 'CodeIgniter\Session\Handlers\FileHandler' driver.
INFO - 2025-01-09 03:26:02 --> Session: Class initialized using 'CodeIgniter\Session\Handlers\FileHandler' driver.
INFO - 2025-01-09 03:26:02 --> Session: Class initialized using 'CodeIgniter\Session\Handlers\FileHandler' driver.
INFO - 2025-01-09 03:26:40 --> Session: Class initialized using 'CodeIgniter\Session\Handlers\FileHandler' driver.
INFO - 2025-01-09 03:26:42 --> Session: Class initialized using 'CodeIgniter\Session\Handlers\FileHandler' driver.
INFO - 2025-01-09 03:26:46 --> Session: Class initialized using 'CodeIgniter\Session\Handlers\FileHandler' driver.
INFO - 2025-01-09 03:30:35 --> Session: Class initialized using 'CodeIgniter\Session\Handlers\FileHandler' driver.
INFO - 2025-01-09 03:30:47 --> Session: Class initialized using 'CodeIgniter\Session\Handlers\FileHandler' driver.
INFO - 2025-01-09 03:30:47 --> Session: Class initialized using 'CodeIgniter\Session\Handlers\FileHandler' driver.
INFO - 2025-01-09 03:31:38 --> Session: Class initialized using 'CodeIgniter\Session\Handlers\FileHandler' driver.
INFO - 2025-01-09 03:31:43 --> Session: Class initialized using 'CodeIgniter\Session\Handlers\FileHandler' driver.
INFO - 2025-01-09 03:31:43 --> Session: Class initialized using 'CodeIgniter\Session\Handlers\FileHandler' driver.
INFO - 2025-01-09 03:38:55 --> Session: Class initialized using 'CodeIgniter\Session\Handlers\FileHandler' driver.
INFO - 2025-01-09 03:39:20 --> Session: Class initialized using 'CodeIgniter\Session\Handlers\FileHandler' driver.
INFO - 2025-01-09 03:39:24 --> Session: Class initialized using 'CodeIgniter\Session\Handlers\FileHandler' driver.
INFO - 2025-01-09 03:39:30 --> Session: Class initialized using 'CodeIgniter\Session\Handlers\FileHandler' driver.
INFO - 2025-01-09 03:39:30 --> Session: Class initialized using 'CodeIgniter\Session\Handlers\FileHandler' driver.
INFO - 2025-01-09 03:45:22 --> Session: Class initialized using 'CodeIgniter\Session\Handlers\FileHandler' driver.
INFO - 2025-01-09 03:45:25 --> Session: Class initialized using 'CodeIgniter\Session\Handlers\FileHandler' driver.
INFO - 2025-01-09 03:45:26 --> Session: Class initialized using 'CodeIgniter\Session\Handlers\FileHandler' driver.
INFO - 2025-01-09 03:46:53 --> Session: Class initialized using 'CodeIgniter\Session\Handlers\FileHandler' driver.
INFO - 2025-01-09 03:47:04 --> Session: Class initialized using 'CodeIgniter\Session\Handlers\FileHandler' driver.
INFO - 2025-01-09 04:14:45 --> Session: Class initialized using 'CodeIgniter\Session\Handlers\FileHandler' driver.
INFO - 2025-01-09 04:22:22 --> Session: Class initialized using 'CodeIgniter\Session\Handlers\FileHandler' driver.
INFO - 2025-01-09 04:32:54 --> Session: Class initialized using 'CodeIgniter\Session\Handlers\FileHandler' driver.
ERROR - 2025-01-09 04:32:54 --> mysqli_sql_exception: Unknown column 'transaksi.users_id' in 'on clause' in C:\Users\ASUS\Downloads\projectbnsp\system\Database\MySQLi\Connection.php:306
Stack trace:
#0 C:\Users\ASUS\Downloads\projectbnsp\system\Database\MySQLi\Connection.php(306): mysqli->query('SELECT `transak...', 0)
#1 C:\Users\ASUS\Downloads\projectbnsp\system\Database\BaseConnection.php(693): CodeIgniter\Database\MySQLi\Connection->execute('SELECT `transak...')
#2 C:\Users\ASUS\Downloads\projectbnsp\system\Database\BaseConnection.php(607): CodeIgniter\Database\BaseConnection->simpleQuery('SELECT `transak...')
#3 C:\Users\ASUS\Downloads\projectbnsp\system\Database\BaseBuilder.php(1615): CodeIgniter\Database\BaseConnection->query('SELECT `transak...', Array, false)
#4 C:\Users\ASUS\Downloads\projectbnsp\system\Model.php(871): CodeIgniter\Database\BaseBuilder->get()
#5 C:\Users\ASUS\Downloads\projectbnsp\app\Models\Admin\TransaksiModel.php(34): CodeIgniter\Model->__call('get', Array)
#6 C:\Users\ASUS\Downloads\projectbnsp\app\Controllers\TransaksiPelanggan.php(27): App\Models\Admin\TransaksiModel->getAllTransaksiWithProduct()
#7 C:\Users\ASUS\Downloads\projectbnsp\system\CodeIgniter.php(942): App\Controllers\TransaksiPelanggan->index()
#8 C:\Users\ASUS\Downloads\projectbnsp\system\CodeIgniter.php(502): CodeIgniter\CodeIgniter->runController(Object(App\Controllers\TransaksiPelanggan))
#9 C:\Users\ASUS\Downloads\projectbnsp\system\CodeIgniter.php(361): CodeIgniter\CodeIgniter->handleRequest(NULL, Object(Config\Cache), false)
#10 C:\Users\ASUS\Downloads\projectbnsp\public\index.php(79): CodeIgniter\CodeIgniter->run()
#11 C:\Users\ASUS\Downloads\projectbnsp\system\Commands\Server\rewrite.php(47): require_once('C:\\Users\\ASUS\\D...')
#12 {main}
CRITICAL - 2025-01-09 04:32:54 --> Unknown column 'transaksi.users_id' in 'on clause'
in SYSTEMPATH\Database\BaseConnection.php on line 647.
 1 SYSTEMPATH\Database\BaseBuilder.php(1615): CodeIgniter\Database\BaseConnection->query('SELECT `transaksi`.*, `kategori`.`nama_kategori`, `product`.`nama_product`
FROM `transaksi`
JOIN `kategori` ON `transaksi`.`kategori_id` = `kategori`.`id`
JOIN `product` ON `transaksi`.`product_id` = `product`.`id`
JOIN `users` ON `transaksi`.`users_id` = `users`.`id`', [], false)
 2 SYSTEMPATH\Model.php(871): CodeIgniter\Database\BaseBuilder->get()
 3 APPPATH\Models\Admin\TransaksiModel.php(34): CodeIgniter\Model->__call('get', [])
 4 APPPATH\Controllers\TransaksiPelanggan.php(27): App\Models\Admin\TransaksiModel->getAllTransaksiWithProduct()
 5 SYSTEMPATH\CodeIgniter.php(942): App\Controllers\TransaksiPelanggan->index()
 6 SYSTEMPATH\CodeIgniter.php(502): CodeIgniter\CodeIgniter->runController(Object(App\Controllers\TransaksiPelanggan))
 7 SYSTEMPATH\CodeIgniter.php(361): CodeIgniter\CodeIgniter->handleRequest(null, Object(Config\Cache), false)
 8 FCPATH\index.php(79): CodeIgniter\CodeIgniter->run()
 9 SYSTEMPATH\Commands\Server\rewrite.php(47): require_once('C:\\Users\\ASUS\\Downloads\\projectbnsp\\public\\index.php')
INFO - 2025-01-09 04:33:12 --> Session: Class initialized using 'CodeIgniter\Session\Handlers\FileHandler' driver.
CRITICAL - 2025-01-09 04:33:12 --> Undefined variable $product
in APPPATH\Views\konten\pelanggan\transaksi\index.php on line 51.
 1 APPPATH\Views\konten\pelanggan\transaksi\index.php(51): CodeIgniter\Debug\Exceptions->errorHandler(2, 'Undefined variable $product', 'C:\\Users\\ASUS\\Downloads\\projectbnsp\\app\\Views\\konten\\pelanggan\\transaksi\\index.php', 51)
 2 SYSTEMPATH\View\View.php(228): include('C:\\Users\\ASUS\\Downloads\\projectbnsp\\app\\Views\\konten\\pelanggan\\transaksi\\index.php')
 3 SYSTEMPATH\View\View.php(231): CodeIgniter\View\View->CodeIgniter\View\{closure}()
 4 SYSTEMPATH\Common.php(1190): CodeIgniter\View\View->render('konten/pelanggan/transaksi/index.php', [], true)
 5 APPPATH\Controllers\TransaksiPelanggan.php(29): view('konten/pelanggan/transaksi/index.php', [...])
 6 SYSTEMPATH\CodeIgniter.php(942): App\Controllers\TransaksiPelanggan->index()
 7 SYSTEMPATH\CodeIgniter.php(502): CodeIgniter\CodeIgniter->runController(Object(App\Controllers\TransaksiPelanggan))
 8 SYSTEMPATH\CodeIgniter.php(361): CodeIgniter\CodeIgniter->handleRequest(null, Object(Config\Cache), false)
 9 FCPATH\index.php(79): CodeIgniter\CodeIgniter->run()
10 SYSTEMPATH\Commands\Server\rewrite.php(47): require_once('C:\\Users\\ASUS\\Downloads\\projectbnsp\\public\\index.php')
INFO - 2025-01-09 04:33:30 --> Session: Class initialized using 'CodeIgniter\Session\Handlers\FileHandler' driver.
INFO - 2025-01-09 04:34:00 --> Session: Class initialized using 'CodeIgniter\Session\Handlers\FileHandler' driver.
INFO - 2025-01-09 04:35:18 --> Session: Class initialized using 'CodeIgniter\Session\Handlers\FileHandler' driver.
INFO - 2025-01-09 04:39:19 --> Session: Class initialized using 'CodeIgniter\Session\Handlers\FileHandler' driver.
INFO - 2025-01-09 04:40:38 --> Session: Class initialized using 'CodeIgniter\Session\Handlers\FileHandler' driver.
INFO - 2025-01-09 04:41:01 --> Session: Class initialized using 'CodeIgniter\Session\Handlers\FileHandler' driver.
CRITICAL - 2025-01-09 04:41:01 --> Undefined array key "nama_product"
in APPPATH\Views\konten\pelanggan\transaksi\index.php on line 56.
 1 APPPATH\Views\konten\pelanggan\transaksi\index.php(56): CodeIgniter\Debug\Exceptions->errorHandler(2, 'Undefined array key "nama_product"', 'C:\\Users\\ASUS\\Downloads\\projectbnsp\\app\\Views\\konten\\pelanggan\\transaksi\\index.php', 56)
 2 SYSTEMPATH\View\View.php(228): include('C:\\Users\\ASUS\\Downloads\\projectbnsp\\app\\Views\\konten\\pelanggan\\transaksi\\index.php')
 3 SYSTEMPATH\View\View.php(231): CodeIgniter\View\View->CodeIgniter\View\{closure}()
 4 SYSTEMPATH\Common.php(1190): CodeIgniter\View\View->render('konten/pelanggan/transaksi/index.php', [], true)
 5 APPPATH\Controllers\TransaksiPelanggan.php(30): view('konten/pelanggan/transaksi/index.php', [...])
 6 SYSTEMPATH\CodeIgniter.php(942): App\Controllers\TransaksiPelanggan->index()
 7 SYSTEMPATH\CodeIgniter.php(502): CodeIgniter\CodeIgniter->runController(Object(App\Controllers\TransaksiPelanggan))
 8 SYSTEMPATH\CodeIgniter.php(361): CodeIgniter\CodeIgniter->handleRequest(null, Object(Config\Cache), false)
 9 FCPATH\index.php(79): CodeIgniter\CodeIgniter->run()
10 SYSTEMPATH\Commands\Server\rewrite.php(47): require_once('C:\\Users\\ASUS\\Downloads\\projectbnsp\\public\\index.php')
INFO - 2025-01-09 04:44:05 --> Session: Class initialized using 'CodeIgniter\Session\Handlers\FileHandler' driver.
ERROR - 2025-01-09 04:44:05 --> mysqli_sql_exception: Table 'projectbnsp_ari.products' doesn't exist in C:\Users\ASUS\Downloads\projectbnsp\system\Database\MySQLi\Connection.php:306
Stack trace:
#0 C:\Users\ASUS\Downloads\projectbnsp\system\Database\MySQLi\Connection.php(306): mysqli->query('SELECT `transak...', 0)
#1 C:\Users\ASUS\Downloads\projectbnsp\system\Database\BaseConnection.php(693): CodeIgniter\Database\MySQLi\Connection->execute('SELECT `transak...')
#2 C:\Users\ASUS\Downloads\projectbnsp\system\Database\BaseConnection.php(607): CodeIgniter\Database\BaseConnection->simpleQuery('SELECT `transak...')
#3 C:\Users\ASUS\Downloads\projectbnsp\system\Database\BaseBuilder.php(1615): CodeIgniter\Database\BaseConnection->query('SELECT `transak...', Array, false)
#4 C:\Users\ASUS\Downloads\projectbnsp\app\Models\Admin\TransaksiModel.php(48): CodeIgniter\Database\BaseBuilder->get()
#5 C:\Users\ASUS\Downloads\projectbnsp\app\Controllers\TransaksiPelanggan.php(27): App\Models\Admin\TransaksiModel->getAllKategori()
#6 C:\Users\ASUS\Downloads\projectbnsp\system\CodeIgniter.php(942): App\Controllers\TransaksiPelanggan->index()
#7 C:\Users\ASUS\Downloads\projectbnsp\system\CodeIgniter.php(502): CodeIgniter\CodeIgniter->runController(Object(App\Controllers\TransaksiPelanggan))
#8 C:\Users\ASUS\Downloads\projectbnsp\system\CodeIgniter.php(361): CodeIgniter\CodeIgniter->handleRequest(NULL, Object(Config\Cache), false)
#9 C:\Users\ASUS\Downloads\projectbnsp\public\index.php(79): CodeIgniter\CodeIgniter->run()
#10 C:\Users\ASUS\Downloads\projectbnsp\system\Commands\Server\rewrite.php(47): require_once('C:\\Users\\ASUS\\D...')
#11 {main}
CRITICAL - 2025-01-09 04:44:05 --> Table 'projectbnsp_ari.products' doesn't exist
in SYSTEMPATH\Database\BaseConnection.php on line 647.
 1 SYSTEMPATH\Database\BaseBuilder.php(1615): CodeIgniter\Database\BaseConnection->query('SELECT `transaksi`.*, `products`.`nama_product`, `kategori`.`nama_kategori`
FROM `transaksi`
JOIN `products` ON `products`.`id` = `transaksi`.`product_id`
JOIN `kategori` ON `kategori`.`id` = `products`.`kategori_id`', [], false)
 2 APPPATH\Models\Admin\TransaksiModel.php(48): CodeIgniter\Database\BaseBuilder->get()
 3 APPPATH\Controllers\TransaksiPelanggan.php(27): App\Models\Admin\TransaksiModel->getAllKategori()
 4 SYSTEMPATH\CodeIgniter.php(942): App\Controllers\TransaksiPelanggan->index()
 5 SYSTEMPATH\CodeIgniter.php(502): CodeIgniter\CodeIgniter->runController(Object(App\Controllers\TransaksiPelanggan))
 6 SYSTEMPATH\CodeIgniter.php(361): CodeIgniter\CodeIgniter->handleRequest(null, Object(Config\Cache), false)
 7 FCPATH\index.php(79): CodeIgniter\CodeIgniter->run()
 8 SYSTEMPATH\Commands\Server\rewrite.php(47): require_once('C:\\Users\\ASUS\\Downloads\\projectbnsp\\public\\index.php')
INFO - 2025-01-09 04:44:24 --> Session: Class initialized using 'CodeIgniter\Session\Handlers\FileHandler' driver.
CRITICAL - 2025-01-09 04:44:24 --> Undefined array key "nama"
in APPPATH\Views\konten\pelanggan\transaksi\index.php on line 58.
 1 APPPATH\Views\konten\pelanggan\transaksi\index.php(58): CodeIgniter\Debug\Exceptions->errorHandler(2, 'Undefined array key "nama"', 'C:\\Users\\ASUS\\Downloads\\projectbnsp\\app\\Views\\konten\\pelanggan\\transaksi\\index.php', 58)
 2 SYSTEMPATH\View\View.php(228): include('C:\\Users\\ASUS\\Downloads\\projectbnsp\\app\\Views\\konten\\pelanggan\\transaksi\\index.php')
 3 SYSTEMPATH\View\View.php(231): CodeIgniter\View\View->CodeIgniter\View\{closure}()
 4 SYSTEMPATH\Common.php(1190): CodeIgniter\View\View->render('konten/pelanggan/transaksi/index.php', [], true)
 5 APPPATH\Controllers\TransaksiPelanggan.php(30): view('konten/pelanggan/transaksi/index.php', [...])
 6 SYSTEMPATH\CodeIgniter.php(942): App\Controllers\TransaksiPelanggan->index()
 7 SYSTEMPATH\CodeIgniter.php(502): CodeIgniter\CodeIgniter->runController(Object(App\Controllers\TransaksiPelanggan))
 8 SYSTEMPATH\CodeIgniter.php(361): CodeIgniter\CodeIgniter->handleRequest(null, Object(Config\Cache), false)
 9 FCPATH\index.php(79): CodeIgniter\CodeIgniter->run()
10 SYSTEMPATH\Commands\Server\rewrite.php(47): require_once('C:\\Users\\ASUS\\Downloads\\projectbnsp\\public\\index.php')
INFO - 2025-01-09 04:44:53 --> Session: Class initialized using 'CodeIgniter\Session\Handlers\FileHandler' driver.
CRITICAL - 2025-01-09 04:44:53 --> Undefined array key "stok"
in APPPATH\Views\konten\pelanggan\transaksi\index.php on line 59.
 1 APPPATH\Views\konten\pelanggan\transaksi\index.php(59): CodeIgniter\Debug\Exceptions->errorHandler(2, 'Undefined array key "stok"', 'C:\\Users\\ASUS\\Downloads\\projectbnsp\\app\\Views\\konten\\pelanggan\\transaksi\\index.php', 59)
 2 SYSTEMPATH\View\View.php(228): include('C:\\Users\\ASUS\\Downloads\\projectbnsp\\app\\Views\\konten\\pelanggan\\transaksi\\index.php')
 3 SYSTEMPATH\View\View.php(231): CodeIgniter\View\View->CodeIgniter\View\{closure}()
 4 SYSTEMPATH\Common.php(1190): CodeIgniter\View\View->render('konten/pelanggan/transaksi/index.php', [], true)
 5 APPPATH\Controllers\TransaksiPelanggan.php(30): view('konten/pelanggan/transaksi/index.php', [...])
 6 SYSTEMPATH\CodeIgniter.php(942): App\Controllers\TransaksiPelanggan->index()
 7 SYSTEMPATH\CodeIgniter.php(502): CodeIgniter\CodeIgniter->runController(Object(App\Controllers\TransaksiPelanggan))
 8 SYSTEMPATH\CodeIgniter.php(361): CodeIgniter\CodeIgniter->handleRequest(null, Object(Config\Cache), false)
 9 FCPATH\index.php(79): CodeIgniter\CodeIgniter->run()
10 SYSTEMPATH\Commands\Server\rewrite.php(47): require_once('C:\\Users\\ASUS\\Downloads\\projectbnsp\\public\\index.php')
INFO - 2025-01-09 04:45:07 --> Session: Class initialized using 'CodeIgniter\Session\Handlers\FileHandler' driver.
CRITICAL - 2025-01-09 04:45:07 --> Undefined array key "total"
in APPPATH\Views\konten\pelanggan\transaksi\index.php on line 61.
 1 APPPATH\Views\konten\pelanggan\transaksi\index.php(61): CodeIgniter\Debug\Exceptions->errorHandler(2, 'Undefined array key "total"', 'C:\\Users\\ASUS\\Downloads\\projectbnsp\\app\\Views\\konten\\pelanggan\\transaksi\\index.php', 61)
 2 SYSTEMPATH\View\View.php(228): include('C:\\Users\\ASUS\\Downloads\\projectbnsp\\app\\Views\\konten\\pelanggan\\transaksi\\index.php')
 3 SYSTEMPATH\View\View.php(231): CodeIgniter\View\View->CodeIgniter\View\{closure}()
 4 SYSTEMPATH\Common.php(1190): CodeIgniter\View\View->render('konten/pelanggan/transaksi/index.php', [], true)
 5 APPPATH\Controllers\TransaksiPelanggan.php(30): view('konten/pelanggan/transaksi/index.php', [...])
 6 SYSTEMPATH\CodeIgniter.php(942): App\Controllers\TransaksiPelanggan->index()
 7 SYSTEMPATH\CodeIgniter.php(502): CodeIgniter\CodeIgniter->runController(Object(App\Controllers\TransaksiPelanggan))
 8 SYSTEMPATH\CodeIgniter.php(361): CodeIgniter\CodeIgniter->handleRequest(null, Object(Config\Cache), false)
 9 FCPATH\index.php(79): CodeIgniter\CodeIgniter->run()
10 SYSTEMPATH\Commands\Server\rewrite.php(47): require_once('C:\\Users\\ASUS\\Downloads\\projectbnsp\\public\\index.php')
INFO - 2025-01-09 04:45:26 --> Session: Class initialized using 'CodeIgniter\Session\Handlers\FileHandler' driver.
INFO - 2025-01-09 04:45:41 --> Session: Class initialized using 'CodeIgniter\Session\Handlers\FileHandler' driver.
INFO - 2025-01-09 04:46:26 --> Session: Class initialized using 'CodeIgniter\Session\Handlers\FileHandler' driver.
INFO - 2025-01-09 04:48:23 --> Session: Class initialized using 'CodeIgniter\Session\Handlers\FileHandler' driver.
INFO - 2025-01-09 04:48:42 --> Session: Class initialized using 'CodeIgniter\Session\Handlers\FileHandler' driver.
INFO - 2025-01-09 04:48:53 --> Session: Class initialized using 'CodeIgniter\Session\Handlers\FileHandler' driver.
INFO - 2025-01-09 04:48:59 --> Session: Class initialized using 'CodeIgniter\Session\Handlers\FileHandler' driver.
INFO - 2025-01-09 04:49:00 --> Session: Class initialized using 'CodeIgniter\Session\Handlers\FileHandler' driver.
INFO - 2025-01-09 04:49:02 --> Session: Class initialized using 'CodeIgniter\Session\Handlers\FileHandler' driver.
INFO - 2025-01-09 04:50:54 --> Session: Class initialized using 'CodeIgniter\Session\Handlers\FileHandler' driver.
INFO - 2025-01-09 04:51:15 --> Session: Class initialized using 'CodeIgniter\Session\Handlers\FileHandler' driver.
INFO - 2025-01-09 04:51:46 --> Session: Class initialized using 'CodeIgniter\Session\Handlers\FileHandler' driver.
INFO - 2025-01-09 04:51:56 --> Session: Class initialized using 'CodeIgniter\Session\Handlers\FileHandler' driver.
INFO - 2025-01-09 05:13:12 --> Session: Class initialized using 'CodeIgniter\Session\Handlers\FileHandler' driver.
ERROR - 2025-01-09 05:13:12 --> mysqli_sql_exception: Unknown column 'transaksi.pt_id' in 'where clause' in C:\Users\ASUS\Downloads\projectbnsp\system\Database\MySQLi\Connection.php:306
Stack trace:
#0 C:\Users\ASUS\Downloads\projectbnsp\system\Database\MySQLi\Connection.php(306): mysqli->query('SELECT `transak...', 0)
#1 C:\Users\ASUS\Downloads\projectbnsp\system\Database\BaseConnection.php(693): CodeIgniter\Database\MySQLi\Connection->execute('SELECT `transak...')
#2 C:\Users\ASUS\Downloads\projectbnsp\system\Database\BaseConnection.php(607): CodeIgniter\Database\BaseConnection->simpleQuery('SELECT `transak...')
#3 C:\Users\ASUS\Downloads\projectbnsp\system\Database\BaseBuilder.php(1615): CodeIgniter\Database\BaseConnection->query('SELECT `transak...', Array, false)
#4 C:\Users\ASUS\Downloads\projectbnsp\system\Model.php(871): CodeIgniter\Database\BaseBuilder->get()
#5 C:\Users\ASUS\Downloads\projectbnsp\app\Models\Admin\TransaksiModel.php(48): CodeIgniter\Model->__call('get', Array)
#6 C:\Users\ASUS\Downloads\projectbnsp\app\Controllers\TransaksiPelanggan.php(28): App\Models\Admin\TransaksiModel->getAllKategori(NULL)
#7 C:\Users\ASUS\Downloads\projectbnsp\system\CodeIgniter.php(942): App\Controllers\TransaksiPelanggan->index()
#8 C:\Users\ASUS\Downloads\projectbnsp\system\CodeIgniter.php(502): CodeIgniter\CodeIgniter->runController(Object(App\Controllers\TransaksiPelanggan))
#9 C:\Users\ASUS\Downloads\projectbnsp\system\CodeIgniter.php(361): CodeIgniter\CodeIgniter->handleRequest(NULL, Object(Config\Cache), false)
#10 C:\Users\ASUS\Downloads\projectbnsp\public\index.php(79): CodeIgniter\CodeIgniter->run()
#11 C:\Users\ASUS\Downloads\projectbnsp\system\Commands\Server\rewrite.php(47): require_once('C:\\Users\\ASUS\\D...')
#12 {main}
CRITICAL - 2025-01-09 05:13:13 --> Unknown column 'transaksi.pt_id' in 'where clause'
in SYSTEMPATH\Database\BaseConnection.php on line 647.
 1 SYSTEMPATH\Database\BaseBuilder.php(1615): CodeIgniter\Database\BaseConnection->query('SELECT `transaksi`.*, `product`.`nama_product`, `kategori`.`nama_kategori`
FROM `transaksi`
JOIN `product` ON `product`.`id` = `transaksi`.`product_id`
JOIN `kategori` ON `kategori`.`id` = `product`.`kategori_id`
WHERE `transaksi`.`pt_id` IS NULL', [], false)
 2 SYSTEMPATH\Model.php(871): CodeIgniter\Database\BaseBuilder->get()
 3 APPPATH\Models\Admin\TransaksiModel.php(48): CodeIgniter\Model->__call('get', [])
 4 APPPATH\Controllers\TransaksiPelanggan.php(28): App\Models\Admin\TransaksiModel->getAllKategori(null)
 5 SYSTEMPATH\CodeIgniter.php(942): App\Controllers\TransaksiPelanggan->index()
 6 SYSTEMPATH\CodeIgniter.php(502): CodeIgniter\CodeIgniter->runController(Object(App\Controllers\TransaksiPelanggan))
 7 SYSTEMPATH\CodeIgniter.php(361): CodeIgniter\CodeIgniter->handleRequest(null, Object(Config\Cache), false)
 8 FCPATH\index.php(79): CodeIgniter\CodeIgniter->run()
 9 SYSTEMPATH\Commands\Server\rewrite.php(47): require_once('C:\\Users\\ASUS\\Downloads\\projectbnsp\\public\\index.php')
INFO - 2025-01-09 05:13:15 --> Session: Class initialized using 'CodeIgniter\Session\Handlers\FileHandler' driver.
ERROR - 2025-01-09 05:13:15 --> mysqli_sql_exception: Unknown column 'transaksi.pt_id' in 'where clause' in C:\Users\ASUS\Downloads\projectbnsp\system\Database\MySQLi\Connection.php:306
Stack trace:
#0 C:\Users\ASUS\Downloads\projectbnsp\system\Database\MySQLi\Connection.php(306): mysqli->query('SELECT `transak...', 0)
#1 C:\Users\ASUS\Downloads\projectbnsp\system\Database\BaseConnection.php(693): CodeIgniter\Database\MySQLi\Connection->execute('SELECT `transak...')
#2 C:\Users\ASUS\Downloads\projectbnsp\system\Database\BaseConnection.php(607): CodeIgniter\Database\BaseConnection->simpleQuery('SELECT `transak...')
#3 C:\Users\ASUS\Downloads\projectbnsp\system\Database\BaseBuilder.php(1615): CodeIgniter\Database\BaseConnection->query('SELECT `transak...', Array, false)
#4 C:\Users\ASUS\Downloads\projectbnsp\system\Model.php(871): CodeIgniter\Database\BaseBuilder->get()
#5 C:\Users\ASUS\Downloads\projectbnsp\app\Models\Admin\TransaksiModel.php(48): CodeIgniter\Model->__call('get', Array)
#6 C:\Users\ASUS\Downloads\projectbnsp\app\Controllers\TransaksiPelanggan.php(28): App\Models\Admin\TransaksiModel->getAllKategori(NULL)
#7 C:\Users\ASUS\Downloads\projectbnsp\system\CodeIgniter.php(942): App\Controllers\TransaksiPelanggan->index()
#8 C:\Users\ASUS\Downloads\projectbnsp\system\CodeIgniter.php(502): CodeIgniter\CodeIgniter->runController(Object(App\Controllers\TransaksiPelanggan))
#9 C:\Users\ASUS\Downloads\projectbnsp\system\CodeIgniter.php(361): CodeIgniter\CodeIgniter->handleRequest(NULL, Object(Config\Cache), false)
#10 C:\Users\ASUS\Downloads\projectbnsp\public\index.php(79): CodeIgniter\CodeIgniter->run()
#11 C:\Users\ASUS\Downloads\projectbnsp\system\Commands\Server\rewrite.php(47): require_once('C:\\Users\\ASUS\\D...')
#12 {main}
CRITICAL - 2025-01-09 05:13:15 --> Unknown column 'transaksi.pt_id' in 'where clause'
in SYSTEMPATH\Database\BaseConnection.php on line 647.
 1 SYSTEMPATH\Database\BaseBuilder.php(1615): CodeIgniter\Database\BaseConnection->query('SELECT `transaksi`.*, `product`.`nama_product`, `kategori`.`nama_kategori`
FROM `transaksi`
JOIN `product` ON `product`.`id` = `transaksi`.`product_id`
JOIN `kategori` ON `kategori`.`id` = `product`.`kategori_id`
WHERE `transaksi`.`pt_id` IS NULL', [], false)
 2 SYSTEMPATH\Model.php(871): CodeIgniter\Database\BaseBuilder->get()
 3 APPPATH\Models\Admin\TransaksiModel.php(48): CodeIgniter\Model->__call('get', [])
 4 APPPATH\Controllers\TransaksiPelanggan.php(28): App\Models\Admin\TransaksiModel->getAllKategori(null)
 5 SYSTEMPATH\CodeIgniter.php(942): App\Controllers\TransaksiPelanggan->index()
 6 SYSTEMPATH\CodeIgniter.php(502): CodeIgniter\CodeIgniter->runController(Object(App\Controllers\TransaksiPelanggan))
 7 SYSTEMPATH\CodeIgniter.php(361): CodeIgniter\CodeIgniter->handleRequest(null, Object(Config\Cache), false)
 8 FCPATH\index.php(79): CodeIgniter\CodeIgniter->run()
 9 SYSTEMPATH\Commands\Server\rewrite.php(47): require_once('C:\\Users\\ASUS\\Downloads\\projectbnsp\\public\\index.php')
INFO - 2025-01-09 05:13:31 --> Session: Class initialized using 'CodeIgniter\Session\Handlers\FileHandler' driver.
INFO - 2025-01-09 05:15:29 --> Session: Class initialized using 'CodeIgniter\Session\Handlers\FileHandler' driver.
CRITICAL - 2025-01-09 05:15:29 --> You cannot use "getCompiledSelect()" in "App\Models\Admin\TransaksiModel". This is a method of the Query Builder Class.
in SYSTEMPATH\Model.php on line 889.
 1 SYSTEMPATH\Model.php(889): CodeIgniter\Exceptions\ModelException::forMethodNotAvailable('App\\Models\\Admin\\TransaksiModel', 'getCompiledSelect()')
 2 SYSTEMPATH\Model.php(869): CodeIgniter\Model->checkBuilderMethod('getCompiledSelect')
 3 APPPATH\Models\Admin\TransaksiModel.php(50): CodeIgniter\Model->__call('getCompiledSelect', [])
 4 APPPATH\Controllers\TransaksiPelanggan.php(28): App\Models\Admin\TransaksiModel->getAllKategori(null)
 5 SYSTEMPATH\CodeIgniter.php(942): App\Controllers\TransaksiPelanggan->index()
 6 SYSTEMPATH\CodeIgniter.php(502): CodeIgniter\CodeIgniter->runController(Object(App\Controllers\TransaksiPelanggan))
 7 SYSTEMPATH\CodeIgniter.php(361): CodeIgniter\CodeIgniter->handleRequest(null, Object(Config\Cache), false)
 8 FCPATH\index.php(79): CodeIgniter\CodeIgniter->run()
 9 SYSTEMPATH\Commands\Server\rewrite.php(47): require_once('C:\\Users\\ASUS\\Downloads\\projectbnsp\\public\\index.php')
INFO - 2025-01-09 05:16:16 --> Session: Class initialized using 'CodeIgniter\Session\Handlers\FileHandler' driver.
CRITICAL - 2025-01-09 05:16:16 --> log_message(): Argument #2 ($message) must be of type string, null given, called in C:\Users\ASUS\Downloads\projectbnsp\app\Models\Admin\TransaksiModel.php on line 50
in SYSTEMPATH\Common.php on line 799.
 1 APPPATH\Models\Admin\TransaksiModel.php(50): log_message('debug', null)
 2 APPPATH\Controllers\TransaksiPelanggan.php(28): App\Models\Admin\TransaksiModel->getAllKategori(null)
 3 SYSTEMPATH\CodeIgniter.php(942): App\Controllers\TransaksiPelanggan->index()
 4 SYSTEMPATH\CodeIgniter.php(502): CodeIgniter\CodeIgniter->runController(Object(App\Controllers\TransaksiPelanggan))
 5 SYSTEMPATH\CodeIgniter.php(361): CodeIgniter\CodeIgniter->handleRequest(null, Object(Config\Cache), false)
 6 FCPATH\index.php(79): CodeIgniter\CodeIgniter->run()
 7 SYSTEMPATH\Commands\Server\rewrite.php(47): require_once('C:\\Users\\ASUS\\Downloads\\projectbnsp\\public\\index.php')
INFO - 2025-01-09 05:17:15 --> Session: Class initialized using 'CodeIgniter\Session\Handlers\FileHandler' driver.
DEBUG - 2025-01-09 05:17:15 --> No query executed
INFO - 2025-01-09 05:17:43 --> Session: Class initialized using 'CodeIgniter\Session\Handlers\FileHandler' driver.
INFO - 2025-01-09 05:18:10 --> Session: Class initialized using 'CodeIgniter\Session\Handlers\FileHandler' driver.
INFO - 2025-01-09 05:18:39 --> Session: Class initialized using 'CodeIgniter\Session\Handlers\FileHandler' driver.
INFO - 2025-01-09 05:20:26 --> Session: Class initialized using 'CodeIgniter\Session\Handlers\FileHandler' driver.
INFO - 2025-01-09 05:20:43 --> Session: Class initialized using 'CodeIgniter\Session\Handlers\FileHandler' driver.
INFO - 2025-01-09 05:22:07 --> Session: Class initialized using 'CodeIgniter\Session\Handlers\FileHandler' driver.
INFO - 2025-01-09 05:25:06 --> Session: Class initialized using 'CodeIgniter\Session\Handlers\FileHandler' driver.
INFO - 2025-01-09 05:25:28 --> Session: Class initialized using 'CodeIgniter\Session\Handlers\FileHandler' driver.
INFO - 2025-01-09 05:26:05 --> Session: Class initialized using 'CodeIgniter\Session\Handlers\FileHandler' driver.
INFO - 2025-01-09 05:28:37 --> Session: Class initialized using 'CodeIgniter\Session\Handlers\FileHandler' driver.
INFO - 2025-01-09 05:28:41 --> Session: Class initialized using 'CodeIgniter\Session\Handlers\FileHandler' driver.
INFO - 2025-01-09 05:28:46 --> Session: Class initialized using 'CodeIgniter\Session\Handlers\FileHandler' driver.
INFO - 2025-01-09 05:28:46 --> Session: Class initialized using 'CodeIgniter\Session\Handlers\FileHandler' driver.
INFO - 2025-01-09 05:28:57 --> Session: Class initialized using 'CodeIgniter\Session\Handlers\FileHandler' driver.
INFO - 2025-01-09 05:29:01 --> Session: Class initialized using 'CodeIgniter\Session\Handlers\FileHandler' driver.
INFO - 2025-01-09 05:29:20 --> Session: Class initialized using 'CodeIgniter\Session\Handlers\FileHandler' driver.
INFO - 2025-01-09 05:29:25 --> Session: Class initialized using 'CodeIgniter\Session\Handlers\FileHandler' driver.
INFO - 2025-01-09 05:29:40 --> Session: Class initialized using 'CodeIgniter\Session\Handlers\FileHandler' driver.
INFO - 2025-01-09 05:29:43 --> Session: Class initialized using 'CodeIgniter\Session\Handlers\FileHandler' driver.
INFO - 2025-01-09 05:29:45 --> Session: Class initialized using 'CodeIgniter\Session\Handlers\FileHandler' driver.
INFO - 2025-01-09 05:29:50 --> Session: Class initialized using 'CodeIgniter\Session\Handlers\FileHandler' driver.
INFO - 2025-01-09 05:29:53 --> Session: Class initialized using 'CodeIgniter\Session\Handlers\FileHandler' driver.
INFO - 2025-01-09 05:29:58 --> Session: Class initialized using 'CodeIgniter\Session\Handlers\FileHandler' driver.
INFO - 2025-01-09 05:29:59 --> Session: Class initialized using 'CodeIgniter\Session\Handlers\FileHandler' driver.
INFO - 2025-01-09 05:30:03 --> Session: Class initialized using 'CodeIgniter\Session\Handlers\FileHandler' driver.
INFO - 2025-01-09 05:30:07 --> Session: Class initialized using 'CodeIgniter\Session\Handlers\FileHandler' driver.
INFO - 2025-01-09 05:33:00 --> Session: Class initialized using 'CodeIgniter\Session\Handlers\FileHandler' driver.
INFO - 2025-01-09 05:33:00 --> Session: Class initialized using 'CodeIgniter\Session\Handlers\FileHandler' driver.
INFO - 2025-01-09 05:33:03 --> Session: Class initialized using 'CodeIgniter\Session\Handlers\FileHandler' driver.
INFO - 2025-01-09 05:33:11 --> Session: Class initialized using 'CodeIgniter\Session\Handlers\FileHandler' driver.
INFO - 2025-01-09 05:33:11 --> Session: Class initialized using 'CodeIgniter\Session\Handlers\FileHandler' driver.
INFO - 2025-01-09 05:33:15 --> Session: Class initialized using 'CodeIgniter\Session\Handlers\FileHandler' driver.
INFO - 2025-01-09 05:33:15 --> Session: Class initialized using 'CodeIgniter\Session\Handlers\FileHandler' driver.
INFO - 2025-01-09 05:33:31 --> Session: Class initialized using 'CodeIgniter\Session\Handlers\FileHandler' driver.
INFO - 2025-01-09 05:33:35 --> Session: Class initialized using 'CodeIgniter\Session\Handlers\FileHandler' driver.
INFO - 2025-01-09 05:33:35 --> Session: Class initialized using 'CodeIgniter\Session\Handlers\FileHandler' driver.
INFO - 2025-01-09 05:33:38 --> Session: Class initialized using 'CodeIgniter\Session\Handlers\FileHandler' driver.
INFO - 2025-01-09 05:33:38 --> Session: Class initialized using 'CodeIgniter\Session\Handlers\FileHandler' driver.
INFO - 2025-01-09 05:35:39 --> Session: Class initialized using 'CodeIgniter\Session\Handlers\FileHandler' driver.
INFO - 2025-01-09 05:35:41 --> Session: Class initialized using 'CodeIgniter\Session\Handlers\FileHandler' driver.
INFO - 2025-01-09 05:35:46 --> Session: Class initialized using 'CodeIgniter\Session\Handlers\FileHandler' driver.
INFO - 2025-01-09 05:35:49 --> Session: Class initialized using 'CodeIgniter\Session\Handlers\FileHandler' driver.
INFO - 2025-01-09 05:35:51 --> Session: Class initialized using 'CodeIgniter\Session\Handlers\FileHandler' driver.
INFO - 2025-01-09 05:36:30 --> Session: Class initialized using 'CodeIgniter\Session\Handlers\FileHandler' driver.
INFO - 2025-01-09 05:36:34 --> Session: Class initialized using 'CodeIgniter\Session\Handlers\FileHandler' driver.
INFO - 2025-01-09 05:36:35 --> Session: Class initialized using 'CodeIgniter\Session\Handlers\FileHandler' driver.
INFO - 2025-01-09 05:36:37 --> Session: Class initialized using 'CodeIgniter\Session\Handlers\FileHandler' driver.
INFO - 2025-01-09 05:36:39 --> Session: Class initialized using 'CodeIgniter\Session\Handlers\FileHandler' driver.
INFO - 2025-01-09 05:36:41 --> Session: Class initialized using 'CodeIgniter\Session\Handlers\FileHandler' driver.
INFO - 2025-01-09 05:37:04 --> Session: Class initialized using 'CodeIgniter\Session\Handlers\FileHandler' driver.
